Oct 30 06:26:23 machine /usr/lib/gdm3/gdm-x-session[1608]: #011Warning: warning, (EE) error, (NI) not implemented, (??) unknown.
Oct 30 06:26:23 machine /usr/lib/gdm3/gdm-x-session[1608]: Warning: The directory "/usr/share/fonts/X11/cyrillic" does not exist.
Oct 30 06:26:23 machine /usr/lib/gdm3/gdm-x-session[1608]: Warning: The directory "/usr/share/fonts/X11/100dpi/" does not exist.
Oct 30 06:26:23 machine /usr/lib/gdm3/gdm-x-session[1608]: Warning: The directory "/usr/share/fonts/X11/75dpi/" does not exist.
Oct 30 06:26:23 machine /usr/lib/gdm3/gdm-x-session[1608]: Warning: The directory "/usr/share/fonts/X11/100dpi" does not exist.
Oct 30 06:26:23 machine /usr/lib/gdm3/gdm-x-session[1608]: Warning: The directory "/usr/share/fonts/X11/75dpi" does not exist.
Oct 30 06:26:23 machine /usr/lib/gdm3/gdm-x-session[1608]: Warning: Falling back to old probe method for fbdev
Oct 30 06:26:23 machine /usr/lib/gdm3/gdm-x-session[1608]: Warning: VGA arbiter: cannot open kernel arbiter, no multi-card support
Oct 31 17:24:28 machine /usr/lib/gdm3/gdm-x-session[1627]: #011Warning: warning, (EE) error, (NI) not implemented, (??) unknown.
Oct 31 17:24:28 machine /usr/lib/gdm3/gdm-x-session[1627]: Warning: The directory "/usr/share/fonts/X11/cyrillic" does not exist.
Oct 31 17:24:28 machine /usr/lib/gdm3/gdm-x-session[1627]: Warning: The directory "/usr/share/fonts/X11/100dpi/" does not exist.
Oct 31 17:24:28 machine /usr/lib/gdm3/gdm-x-session[1627]: Warning: The directory "/usr/share/fonts/X11/75dpi/" does not exist.
Oct 31 17:24:28 machine /usr/lib/gdm3/gdm-x-session[1627]: Warning: The directory "/usr/share/fonts/X11/100dpi" does not exist.
Oct 31 17:24:28 machine /usr/lib/gdm3/gdm-x-session[1627]: Warning: The directory "/usr/share/fonts/X11/75dpi" does not exist.
Oct 31 17:24:28 machine /usr/lib/gdm3/gdm-x-session[1627]: Warning: Falling back to old probe method for fbdev
Oct 31 17:24:28 machine /usr/lib/gdm3/gdm-x-session[1627]: Warning: VGA arbiter: cannot open kernel arbiter, no multi-card support
Oct 30 06:26:23 machine /usr/lib/gdm3/gdm-x-session[1608]: #011(++) from command line, (!!) notice, Information informational,
Oct 30 06:26:23 machine /usr/lib/gdm3/gdm-x-session[1608]: Information The server relies on udev to provide the list of input devices.
Oct 30 06:26:23 machine /usr/lib/gdm3/gdm-x-session[1608]: Information Loader magic: 0x5649c16f2020
Oct 30 06:26:23 machine /usr/lib/gdm3/gdm-x-session[1608]: Information Module ABI versions:
Oct 30 06:26:23 machine /usr/lib/gdm3/gdm-x-session[1608]: Information systemd-logind: took control of session /org/freedesktop/login1/session/_32
Oct 30 06:26:23 machine /usr/lib/gdm3/gdm-x-session[1608]: Information xfree86: Adding drm device (/dev/dri/card0)
Oct 30 06:26:23 machine /usr/lib/gdm3/gdm-x-session[1608]: Information systemd-logind: got fd for /dev/dri/card0 226:0 fd 12 paused 0
Oct 30 06:26:23 machine /usr/lib/gdm3/gdm-x-session[1608]: Information xfree86: Adding drm device (/dev/dri/card1)
Oct 30 06:26:23 machine /usr/lib/gdm3/gdm-x-session[1608]: Information systemd-logind: got fd for /dev/dri/card1 226:1 fd 13 paused 0
Oct 30 06:26:23 machine /usr/lib/gdm3/gdm-x-session[1608]: Information LoadModule: "glx"
Oct 30 06:26:23 machine /usr/lib/gdm3/gdm-x-session[1608]: Information Loading /usr/lib/xorg/modules/extensions/libglx.so
Oct 30 06:26:23 machine /usr/lib/gdm3/gdm-x-session[1608]: Information Module glx: vendor="X.Org Foundation"
Oct 30 06:26:23 machine /usr/lib/gdm3/gdm-x-session[1608]: Information Applying OutputClass "AMDgpu" to /dev/dri/card1
Oct 30 06:26:23 machine /usr/lib/gdm3/gdm-x-session[1608]: Information LoadModule: "amdgpu"
Oct 30 06:26:23 machine /usr/lib/gdm3/gdm-x-session[1608]: Information Loading /usr/lib/xorg/modules/drivers/amdgpu_drv.so
Oct 30 06:26:23 machine /usr/lib/gdm3/gdm-x-session[1608]: Information Module amdgpu: vendor="X.Org Foundation"
Oct 30 06:26:23 machine /usr/lib/gdm3/gdm-x-session[1608]: Information LoadModule: "ati"
Oct 30 06:26:23 machine /usr/lib/gdm3/gdm-x-session[1608]: Information Loading /usr/lib/xorg/modules/drivers/ati_drv.so
Oct 30 06:26:23 machine /usr/lib/gdm3/gdm-x-session[1608]: Information Module ati: vendor="X.Org Foundation"
Oct 30 06:26:23 machine /usr/lib/gdm3/gdm-x-session[1608]: Information LoadModule: "modesetting"
Oct 30 06:26:23 machine /usr/lib/gdm3/gdm-x-session[1608]: Information Loading /usr/lib/xorg/modules/drivers/modesetting_drv.so
Oct 30 06:26:23 machine /usr/lib/gdm3/gdm-x-session[1608]: Information Module modesetting: vendor="X.Org Foundation"
Oct 30 06:26:23 machine /usr/lib/gdm3/gdm-x-session[1608]: Information LoadModule: "fbdev"
Oct 30 06:26:23 machine /usr/lib/gdm3/gdm-x-session[1608]: Information Loading /usr/lib/xorg/modules/drivers/fbdev_drv.so
Oct 30 06:26:23 machine /usr/lib/gdm3/gdm-x-session[1608]: Information Module fbdev: vendor="X.Org Foundation"
Oct 30 06:26:23 machine /usr/lib/gdm3/gdm-x-session[1608]: Information LoadModule: "vesa"
Oct 30 06:26:23 machine /usr/lib/gdm3/gdm-x-session[1608]: Information Loading /usr/lib/xorg/modules/drivers/vesa_drv.so
Oct 30 06:26:23 machine /usr/lib/gdm3/gdm-x-session[1608]: Information Module vesa: vendor="X.Org Foundation"
Oct 30 06:26:23 machine /usr/lib/gdm3/gdm-x-session[1608]: Information AMDGPU: Driver for AMD Radeon:
Oct 30 06:26:23 machine /usr/lib/gdm3/gdm-x-session[1608]: Information modesetting: Driver for Modesetting Kernel Drivers: kms
Oct 30 06:26:23 machine /usr/lib/gdm3/gdm-x-session[1608]: Information FBDEV: driver for framebuffer: fbdev
Oct 30 06:26:23 machine /usr/lib/gdm3/gdm-x-session[1608]: Information VESA: driver for VESA chipsets: vesa
Oct 30 06:26:23 machine /usr/lib/gdm3/gdm-x-session[1608]: Information modeset(0): using drv /dev/dri/card0
Oct 30 06:26:23 machine /usr/lib/gdm3/gdm-x-session[1608]: Information Loading sub module "fbdevhw"
Oct 30 06:26:23 machine /usr/lib/gdm3/gdm-x-session[1608]: Information LoadModule: "fbdevhw"
Oct 30 06:26:23 machine /usr/lib/gdm3/gdm-x-session[1608]: Information Loading /usr/lib/xorg/modules/libfbdevhw.so
Oct 30 06:26:23 machine /usr/lib/gdm3/gdm-x-session[1608]: Information Module fbdevhw: vendor="X.Org Foundation"
Oct 30 06:26:23 machine /usr/lib/gdm3/gdm-x-session[1608]: Information modeset(0): Creating default Display subsection in Screen section
Oct 30 06:26:23 machine /usr/lib/gdm3/gdm-x-session[1608]: Information Loading sub module "glamoregl"
Oct 30 06:26:23 machine /usr/lib/gdm3/gdm-x-session[1608]: Information LoadModule: "glamoregl"
Oct 30 06:26:23 machine /usr/lib/gdm3/gdm-x-session[1608]: Information Loading /usr/lib/xorg/modules/libglamoregl.so
Oct 30 06:26:23 machine /usr/lib/gdm3/gdm-x-session[1608]: Information Module glamoregl: vendor="X.Org Foundation"
Oct 30 06:26:23 machine /usr/lib/gdm3/gdm-x-session[1608]: Information modeset(0): glamor X acceleration enabled on Mesa DRI Intel(R) UHD Graphics (Whiskey Lake 3x8 GT2)
Oct 30 06:26:23 machine /usr/lib/gdm3/gdm-x-session[1608]: Information modeset(0): glamor initialized
Oct 30 06:26:23 machine /usr/lib/gdm3/gdm-x-session[1608]: Information modeset(0): Output eDP-1 has no monitor section
Oct 30 06:26:23 machine /usr/lib/gdm3/gdm-x-session[1608]: Information modeset(0): Output HDMI-1 has no monitor section
Oct 30 06:26:23 machine /usr/lib/gdm3/gdm-x-session[1608]: Information modeset(0): EDID for output eDP-1
Oct 30 06:26:23 machine /usr/lib/gdm3/gdm-x-session[1608]: Information modeset(0): Manufacturer: CMN  Model: 1745  Serial#: 0
Oct 30 06:26:23 machine /usr/lib/gdm3/gdm-x-session[1608]: Information modeset(0): Year: 2016  Week: 4
Oct 30 06:26:23 machine /usr/lib/gdm3/gdm-x-session[1608]: Information modeset(0): EDID Version: 1.4
Oct 30 06:26:23 machine /usr/lib/gdm3/gdm-x-session[1608]: Information modeset(0): Digital Display Input
Oct 30 06:26:23 machine /usr/lib/gdm3/gdm-x-session[1608]: Information modeset(0): 6 bits per channel
Oct 30 06:26:23 machine /usr/lib/gdm3/gdm-x-session[1608]: Information modeset(0): Digital interface is DisplayPort
Oct 30 06:26:23 machine /usr/lib/gdm3/gdm-x-session[1608]: Information modeset(0): Max Image Size [cm]: horiz.: 38  vert.: 21
Oct 30 06:26:23 machine /usr/lib/gdm3/gdm-x-session[1608]: Information modeset(0): Gamma: 2.20
Oct 30 06:26:23 machine /usr/lib/gdm3/gdm-x-session[1608]: Information modeset(0): No DPMS capabilities specified
Oct 30 06:26:23 machine /usr/lib/gdm3/gdm-x-session[1608]: Information modeset(0): Supported color encodings: RGB 4:4:4
Oct 30 06:26:23 machine /usr/lib/gdm3/gdm-x-session[1608]: Information modeset(0): First detailed timing is preferred mode
Oct 30 06:26:23 machine /usr/lib/gdm3/gdm-x-session[1608]: Information modeset(0): Preferred mode is native pixel format and refresh rate
Oct 30 06:26:23 machine /usr/lib/gdm3/gdm-x-session[1608]: Information modeset(0): redX: 0.627 redY: 0.337   greenX: 0.317 greenY: 0.578
Oct 30 06:26:23 machine /usr/lib/gdm3/gdm-x-session[1608]: Information modeset(0): blueX: 0.156 blueY: 0.074   whiteX: 0.313 whiteY: 0.329
Oct 30 06:26:23 machine /usr/lib/gdm3/gdm-x-session[1608]: Information modeset(0): Manufacturer's mask: 0
Oct 30 06:26:23 machine /usr/lib/gdm3/gdm-x-session[1608]: Information modeset(0): Supported detailed timing:
Oct 30 06:26:23 machine /usr/lib/gdm3/gdm-x-session[1608]: Information modeset(0): clock: 107.8 MHz   Image Size:  382 x 214 mm
Oct 30 06:26:23 machine /usr/lib/gdm3/gdm-x-session[1608]: Information modeset(0): h_active: 1600  h_sync: 1648  h_sync_end 1680 h_blank_end 1940 h_border: 0
Oct 30 06:26:23 machine /usr/lib/gdm3/gdm-x-session[1608]: Information modeset(0): v_active: 900  v_sync: 903  v_sync_end 908 v_blanking: 926 v_border: 0
Oct 30 06:26:23 machine /usr/lib/gdm3/gdm-x-session[1608]: Information modeset(0): Supported detailed timing:
Oct 30 06:26:23 machine /usr/lib/gdm3/gdm-x-session[1608]: Information modeset(0): clock: 71.9 MHz   Image Size:  382 x 214 mm
Oct 30 06:26:23 machine /usr/lib/gdm3/gdm-x-session[1608]: Information modeset(0): h_active: 1600  h_sync: 1648  h_sync_end 1680 h_blank_end 1940 h_border: 0
Oct 30 06:26:23 machine /usr/lib/gdm3/gdm-x-session[1608]: Information modeset(0): v_active: 900  v_sync: 903  v_sync_end 908 v_blanking: 926 v_border: 0
Oct 30 06:26:23 machine /usr/lib/gdm3/gdm-x-session[1608]: Information modeset(0): Unknown vendor-specific block 2
Oct 30 06:26:23 machine /usr/lib/gdm3/gdm-x-session[1608]: Information modeset(0): EDID (in hex):
Oct 30 06:26:23 machine /usr/lib/gdm3/gdm-x-session[1608]: Information modeset(0): #01100ffffffffffff000dae451700000000
Oct 30 06:26:23 machine /usr/lib/gdm3/gdm-x-session[1608]: Information modeset(0): #011041a010495261578029405a056519428
Oct 30 06:26:23 machine /usr/lib/gdm3/gdm-x-session[1608]: Information modeset(0): #01113505400000001010101010101010101
Oct 30 06:26:23 machine /usr/lib/gdm3/gdm-x-session[1608]: Information modeset(0): #0110101010101011c2a405461841a303020
Oct 30 06:26:23 machine /usr/lib/gdm3/gdm-x-session[1608]: Information modeset(0): #01135007ed61000001a131c405461841a30
Oct 30 06:26:23 machine /usr/lib/gdm3/gdm-x-session[1608]: Information modeset(0): #011302035007ed61000001a000000000000
Oct 30 06:26:23 machine /usr/lib/gdm3/gdm-x-session[1608]: Information modeset(0): #01100000000000000000000000000000002
Oct 30 06:26:23 machine /usr/lib/gdm3/gdm-x-session[1608]: Information modeset(0): #011000c3fef0b3c6e1b101e75000000006f
Oct 30 06:26:23 machine /usr/lib/gdm3/gdm-x-session[1608]: Information modeset(0): Printing probed modes for output eDP-1
Oct 30 06:26:23 machine /usr/lib/gdm3/gdm-x-session[1608]: Information modeset(0): Modeline "1600x900"x60.0  107.80  1600 1648 1680 1940  900 903 908 926 +hsync -vsync (55.6 kHz eP)
Oct 30 06:26:23 machine /usr/lib/gdm3/gdm-x-session[1608]: Information modeset(0): Modeline "1600x900"x120.0  246.00  1600 1728 1900 2200  900 901 904 932 doublescan -hsync +vsync (111.8 kHz d)
Oct 30 06:26:23 machine /usr/lib/gdm3/gdm-x-session[1608]: Information modeset(0): Modeline "1600x900"x119.9  186.50  1600 1624 1640 1680  900 901 904 926 doublescan +hsync -vsync (111.0 kHz d)
Oct 30 06:26:23 machine /usr/lib/gdm3/gdm-x-session[1608]: Information modeset(0): Modeline "1600x900"x59.9  118.25  1600 1696 1856 2112  900 903 908 934 -hsync +vsync (56.0 kHz d)
Oct 30 06:26:23 machine /usr/lib/gdm3/gdm-x-session[1608]: Information modeset(0): Modeline "1600x900"x59.8   97.50  1600 1648 1680 1760  900 903 908 926 +hsync -vsync (55.4 kHz d)
Oct 30 06:26:23 machine /usr/lib/gdm3/gdm-x-session[1608]: Information modeset(0): Modeline "1600x900"x40.0   71.87  1600 1648 1680 1940  900 903 908 926 +hsync -vsync (37.0 kHz e)
Oct 30 06:26:23 machine /usr/lib/gdm3/gdm-x-session[1608]: Information modeset(0): Modeline "1440x900"x59.9  106.50  1440 1520 1672 1904  900 903 909 934 -hsync +vsync (55.9 kHz d)
Oct 30 06:26:23 machine /usr/lib/gdm3/gdm-x-session[1608]: Information modeset(0): Modeline "1400x900"x60.0  103.50  1400 1480 1624 1848  900 903 913 934 -hsync +vsync (56.0 kHz d)
Oct 30 06:26:23 machine /usr/lib/gdm3/gdm-x-session[1608]: Information modeset(0): Modeline "1400x900"x59.9   86.50  1400 1448 1480 1560  900 903 913 926 +hsync -vsync (55.4 kHz d)
Oct 30 06:26:23 machine /usr/lib/gdm3/gdm-x-session[1608]: Information modeset(0): Modeline "1440x810"x120.0  198.12  1440 1548 1704 1968  810 811 814 839 doublescan -hsync +vsync (100.7 kHz d)
Oct 30 06:26:23 machine /usr/lib/gdm3/gdm-x-session[1608]: Information modeset(0): Modeline "1440x810"x119.9  151.88  1440 1464 1480 1520  810 811 814 833 doublescan +hsync -vsync (99.9 kHz d)
Oct 30 06:26:23 machine /usr/lib/gdm3/gdm-x-session[1608]: Information modeset(0): Modeline "1368x768"x59.9   85.25  1368 1440 1576 1784  768 771 781 798 -hsync +vsync (47.8 kHz d)
Oct 30 06:26:23 machine /usr/lib/gdm3/gdm-x-session[1608]: Information modeset(0): Modeline "1368x768"x59.9   72.25  1368 1416 1448 1528  768 771 781 790 +hsync -vsync (47.3 kHz d)
Oct 30 06:26:23 machine /usr/lib/gdm3/gdm-x-session[1608]: Information modeset(0): Modeline "1360x768"x59.8   84.75  1360 1432 1568 1776  768 771 781 798 -hsync +vsync (47.7 kHz d)
Oct 30 06:26:23 machine /usr/lib/gdm3/gdm-x-session[1608]: Information modeset(0): Modeline "1360x768"x60.0   72.00  1360 1408 1440 1520  768 771 781 790 +hsync -vsync (47.4 kHz d)
Oct 30 06:26:23 machine /usr/lib/gdm3/gdm-x-session[1608]: Information modeset(0): Modeline "1280x800"x120.0  174.25  1280 1380 1516 1752  800 801 804 829 doublescan -hsync +vsync (99.5 kHz d)
Oct 30 06:26:23 machine /usr/lib/gdm3/gdm-x-session[1608]: Information modeset(0): Modeline "1280x800"x119.9  134.25  1280 1304 1320 1360  800 801 804 823 doublescan +hsync -vsync (98.7 kHz d)
Oct 30 06:26:23 machine /usr/lib/gdm3/gdm-x-session[1608]: Information modeset(0): Modeline "1280x800"x59.8   83.50  1280 1352 1480 1680  800 803 809 831 -hsync +vsync (49.7 kHz d)
Oct 30 06:26:23 machine /usr/lib/gdm3/gdm-x-session[1608]: Information modeset(0): Modeline "1280x800"x59.9   71.00  1280 1328 1360 1440  800 803 809 823 +hsync -vsync (49.3 kHz d)
Oct 30 06:26:23 machine /usr/lib/gdm3/gdm-x-session[1608]: Information modeset(0): Modeline "1152x864"x60.0   81.62  1152 1216 1336 1520  864 865 868 895 -hsync +vsync (53.7 kHz d)
Oct 30 06:26:23 machine /usr/lib/gdm3/gdm-x-session[1608]: Information modeset(0): Modeline "1280x720"x120.0  156.12  1280 1376 1512 1744  720 721 724 746 doublescan -hsync +vsync (89.5 kHz d)
Oct 30 06:26:23 machine /usr/lib/gdm3/gdm-x-session[1608]: Information modeset(0): Modeline "1280x720"x120.0  120.75  1280 1304 1320 1360  720 721 724 740 doublescan +hsync -vsync (88.8 kHz d)
Oct 30 06:26:23 machine /usr/lib/gdm3/gdm-x-session[1608]: Information modeset(0): Modeline "1280x720"x59.9   74.50  1280 1344 1472 1664  720 723 728 748 -hsync +vsync (44.8 kHz d)
Oct 30 06:26:23 machine /usr/lib/gdm3/gdm-x-session[1608]: Information modeset(0): Modeline "1280x720"x59.7   63.75  1280 1328 1360 1440  720 723 728 741 +hsync -vsync (44.3 kHz d)
Oct 30 06:26:23 machine /usr/lib/gdm3/gdm-x-session[1608]: Information modeset(0): Modeline "1024x768"x120.1  133.47  1024 1100 1212 1400  768 768 770 794 doublescan -hsync +vsync (95.3 kHz d)
Oct 30 06:26:23 machine /usr/lib/gdm3/gdm-x-session[1608]: Information modeset(0): Modeline "1024x768"x60.0   65.00  1024 1048 1184 1344  768 771 777 806 -hsync -vsync (48.4 kHz d)
Oct 30 06:26:23 machine /usr/lib/gdm3/gdm-x-session[1608]: Information modeset(0): Modeline "960x720"x120.0  117.00  960 1024 1128 1300  720 720 722 750 doublescan -hsync +vsync (90.0 kHz d)
Oct 30 06:26:23 machine /usr/lib/gdm3/gdm-x-session[1608]: Information modeset(0): Modeline "928x696"x120.1  109.15  928 976 1088 1264  696 696 698 719 doublescan -hsync +vsync (86.4 kHz d)
Oct 30 06:26:23 machine /usr/lib/gdm3/gdm-x-session[1608]: Information modeset(0): Modeline "896x672"x120.0  102.40  896 960 1060 1224  672 672 674 697 doublescan -hsync +vsync (83.7 kHz d)
Oct 30 06:26:23 machine /usr/lib/gdm3/gdm-x-session[1608]: Information modeset(0): Modeline "1024x576"x119.9   98.50  1024 1092 1200 1376  576 577 580 597 doublescan -hsync +vsync (71.6 kHz d)
Oct 30 06:26:23 machine /usr/lib/gdm3/gdm-x-session[1608]: Information modeset(0): Modeline "1024x576"x119.9   78.38  1024 1048 1064 1104  576 577 580 592 doublescan +hsync -vsync (71.0 kHz d)
Oct 30 06:26:23 machine /usr/lib/gdm3/gdm-x-session[1608]: Information modeset(0): Modeline "1024x576"x59.9   46.50  1024 1064 1160 1296  576 579 584 599 -hsync +vsync (35.9 kHz d)
Oct 30 06:26:23 machine /usr/lib/gdm3/gdm-x-session[1608]: Information modeset(0): Modeline "1024x576"x59.8   42.00  1024 1072 1104 1184  576 579 584 593 +hsync -vsync (35.5 kHz d)
Oct 30 06:26:23 machine /usr/lib/gdm3/gdm-x-session[1608]: Information modeset(0): Modeline "960x600"x119.9   96.62  960 1028 1128 1296  600 601 604 622 doublescan -hsync +vsync (74.6 kHz d)
Oct 30 06:26:23 machine /usr/lib/gdm3/gdm-x-session[1608]: Information modeset(0): Modeline "960x600"x120.0   77.00  960 984 1000 1040  600 601 604 617 doublescan +hsync -vsync (74.0 kHz d)
Oct 30 06:26:23 machine /usr/lib/gdm3/gdm-x-session[1608]: Information modeset(0): Modeline "960x540"x119.9   86.50  960 1024 1124 1288  540 541 544 560 doublescan -hsync +vsync (67.2 kHz d)
Oct 30 06:26:23 machine /usr/lib/gdm3/gdm-x-session[1608]: Information modeset(0): Modeline "960x540"x120.0   69.25  960 984 1000 1040  540 541 544 555 doublescan +hsync -vsync (66.6 kHz d)
Oct 30 06:26:23 machine /usr/lib/gdm3/gdm-x-session[1608]: Information modeset(0): Modeline "960x540"x59.6   40.75  960 992 1088 1216  540 543 548 562 -hsync +vsync (33.5 kHz d)
Oct 30 06:26:23 machine /usr/lib/gdm3/gdm-x-session[1608]: Information modeset(0): Modeline "960x540"x59.8   37.25  960 1008 1040 1120  540 543 548 556 +hsync -vsync (33.3 kHz d)
Oct 30 06:26:23 machine /usr/lib/gdm3/gdm-x-session[1608]: Information modeset(0): Modeline "800x600"x120.0   81.00  800 832 928 1080  600 600 602 625 doublescan +hsync +vsync (75.0 kHz d)
Oct 30 06:26:23 machine /usr/lib/gdm3/gdm-x-session[1608]: Information modeset(0): Modeline "800x600"x60.3   40.00  800 840 968 1056  600 601 605 628 +hsync +vsync (37.9 kHz d)
Oct 30 06:26:23 machine /usr/lib/gdm3/gdm-x-session[1608]: Information modeset(0): Modeline "800x600"x56.2   36.00  800 824 896 1024  600 601 603 625 +hsync +vsync (35.2 kHz d)
Oct 30 06:26:23 machine /usr/lib/gdm3/gdm-x-session[1608]: Information modeset(0): Modeline "840x525"x120.0   73.12  840 892 980 1120  525 526 529 544 doublescan -hsync +vsync (65.3 kHz d)
Oct 30 06:26:23 machine /usr/lib/gdm3/gdm-x-session[1608]: Information modeset(0): Modeline "840x525"x119.8   59.50  840 864 880 920  525 526 529 540 doublescan +hsync -vsync (64.7 kHz d)
Oct 30 06:26:23 machine /usr/lib/gdm3/gdm-x-session[1608]: Information modeset(0): Modeline "864x486"x59.9   32.50  864 888 968 1072  486 489 494 506 -hsync +vsync (30.3 kHz d)
Oct 30 06:26:23 machine /usr/lib/gdm3/gdm-x-session[1608]: Information modeset(0): Modeline "864x486"x59.6   30.50  864 912 944 1024  486 489 494 500 +hsync -vsync (29.8 kHz d)
Oct 30 06:26:23 machine /usr/lib/gdm3/gdm-x-session[1608]: Information modeset(0): Modeline "800x512"x120.3   51.56  800 800 828 832  512 512 514 515 doublescan +hsync +vsync (62.0 kHz d)
Oct 30 06:26:23 machine /usr/lib/gdm3/gdm-x-session[1608]: Information modeset(0): Modeline "700x525"x120.0   61.00  700 744 820 940  525 526 532 541 doublescan +hsync +vsync (64.9 kHz d)
Oct 30 06:26:23 machine /usr/lib/gdm3/gdm-x-session[1608]: Information modeset(0): Modeline "800x450"x119.9   59.12  800 848 928 1056  450 451 454 467 doublescan -hsync +vsync (56.0 kHz d)
Oct 30 06:26:23 machine /usr/lib/gdm3/gdm-x-session[1608]: Information modeset(0): Modeline "800x450"x119.6   48.75  800 824 840 880  450 451 454 463 doublescan +hsync -vsync (55.4 kHz d)
Oct 30 06:26:23 machine /usr/lib/gdm3/gdm-x-session[1608]: Information modeset(0): Modeline "640x512"x120.0   54.00  640 664 720 844  512 512 514 533 doublescan +hsync +vsync (64.0 kHz d)
Oct 30 06:26:23 machine /usr/lib/gdm3/gdm-x-session[1608]: Information modeset(0): Modeline "720x450"x119.8   53.25  720 760 836 952  450 451 454 467 doublescan -hsync +vsync (55.9 kHz d)
Oct 30 06:26:23 machine /usr/lib/gdm3/gdm-x-session[1608]: Information modeset(0): Modeline "700x450"x119.9   51.75  700 740 812 924  450 451 456 467 doublescan -hsync +vsync (56.0 kHz d)
Oct 30 06:26:23 machine /usr/lib/gdm3/gdm-x-session[1608]: Information modeset(0): Modeline "700x450"x119.8   43.25  700 724 740 780  450 451 456 463 doublescan +hsync -vsync (55.4 kHz d)
Oct 30 06:26:23 machine /usr/lib/gdm3/gdm-x-session[1608]: Information modeset(0): Modeline "640x480"x120.0   54.00  640 688 744 900  480 480 482 500 doublescan +hsync +vsync (60.0 kHz d)
Oct 30 06:26:23 machine /usr/lib/gdm3/gdm-x-session[1608]: Information modeset(0): Modeline "640x480"x59.9   25.18  640 656 752 800  480 490 492 525 -hsync -vsync (31.5 kHz d)
Oct 30 06:26:23 machine /usr/lib/gdm3/gdm-x-session[1608]: Information modeset(0): Modeline "720x405"x59.5   22.50  720 744 808 896  405 408 413 422 -hsync +vsync (25.1 kHz d)
Oct 30 06:26:23 machine /usr/lib/gdm3/gdm-x-session[1608]: Information modeset(0): Modeline "720x405"x59.0   21.75  720 768 800 880  405 408 413 419 +hsync -vsync (24.7 kHz d)
Oct 30 06:26:23 machine /usr/lib/gdm3/gdm-x-session[1608]: Information modeset(0): Modeline "684x384"x119.8   42.62  684 720 788 892  384 385 390 399 doublescan -hsync +vsync (47.8 kHz d)
Oct 30 06:26:23 machine /usr/lib/gdm3/gdm-x-session[1608]: Information modeset(0): Modeline "684x384"x119.7   36.12  684 708 724 764  384 385 390 395 doublescan +hsync -vsync (47.3 kHz d)
Oct 30 06:26:23 machine /usr/lib/gdm3/gdm-x-session[1608]: Information modeset(0): Modeline "680x384"x119.6   42.38  680 716 784 888  384 385 390 399 doublescan -hsync +vsync (47.7 kHz d)
Oct 30 06:26:23 machine /usr/lib/gdm3/gdm-x-session[1608]: Information modeset(0): Modeline "680x384"x119.9   36.00  680 704 720 760  384 385 390 395 doublescan +hsync -vsync (47.4 kHz d)
Oct 30 06:26:23 machine /usr/lib/gdm3/gdm-x-session[1608]: Information modeset(0): Modeline "640x400"x119.8   41.75  640 676 740 840  400 401 404 415 doublescan -hsync +vsync (49.7 kHz d)
Oct 30 06:26:23 machine /usr/lib/gdm3/gdm-x-session[1608]: Information modeset(0): Modeline "640x400"x120.0   35.50  640 664 680 720  400 401 404 411 doublescan +hsync -vsync (49.3 kHz d)
Oct 30 06:26:23 machine /usr/lib/gdm3/gdm-x-session[1608]: Information modeset(0): Modeline "576x432"x120.1   40.81  576 608 668 760  432 432 434 447 doublescan -hsync +vsync (53.7 kHz d)
Oct 30 06:26:23 machine /usr/lib/gdm3/gdm-x-session[1608]: Information modeset(0): Modeline "640x360"x119.7   37.25  640 672 736 832  360 361 364 374 doublescan -hsync +vsync (44.8 kHz d)
Oct 30 06:26:23 machine /usr/lib/gdm3/gdm-x-session[1608]: Information modeset(0): Modeline "640x360"x119.7   31.88  640 664 680 720  360 361 364 370 doublescan +hsync -vsync (44.3 kHz d)
Oct 30 06:26:23 machine /usr/lib/gdm3/gdm-x-session[1608]: Information modeset(0): Modeline "640x360"x59.8   18.00  640 664 720 800  360 363 368 376 -hsync +vsync (22.5 kHz d)
Oct 30 06:26:23 machine /usr/lib/gdm3/gdm-x-session[1608]: Information modeset(0): Modeline "640x360"x59.3   17.75  640 688 720 800  360 363 368 374 +hsync -vsync (22.2 kHz d)
Oct 30 06:26:23 machine /usr/lib/gdm3/gdm-x-session[1608]: Information modeset(0): Modeline "512x384"x120.0   32.50  512 524 592 672  384 385 388 403 doublescan -hsync -vsync (48.4 kHz d)
Oct 30 06:26:23 machine /usr/lib/gdm3/gdm-x-session[1608]: Information modeset(0): Modeline "512x288"x120.0   23.25  512 532 580 648  288 289 292 299 doublescan -hsync +vsync (35.9 kHz d)
Oct 30 06:26:23 machine /usr/lib/gdm3/gdm-x-session[1608]: Information modeset(0): Modeline "512x288"x119.8   21.00  512 536 552 592  288 289 292 296 doublescan +hsync -vsync (35.5 kHz d)
Oct 30 06:26:23 machine /usr/lib/gdm3/gdm-x-session[1608]: Information modeset(0): Modeline "480x270"x119.3   20.38  480 496 544 608  270 271 274 281 doublescan -hsync +vsync (33.5 kHz d)
Oct 30 06:26:23 machine /usr/lib/gdm3/gdm-x-session[1608]: Information modeset(0): Modeline "480x270"x119.6   18.62  480 504 520 560  270 271 274 278 doublescan +hsync -vsync (33.3 kHz d)
Oct 30 06:26:23 machine /usr/lib/gdm3/gdm-x-session[1608]: Information modeset(0): Modeline "400x300"x120.6   20.00  400 420 484 528  300 300 302 314 doublescan +hsync +vsync (37.9 kHz d)
Oct 30 06:26:23 machine /usr/lib/gdm3/gdm-x-session[1608]: Information modeset(0): Modeline "400x300"x112.7   18.00  400 412 448 512  300 300 301 312 doublescan +hsync +vsync (35.2 kHz d)
Oct 30 06:26:23 machine /usr/lib/gdm3/gdm-x-session[1608]: Information modeset(0): Modeline "432x243"x119.8   16.25  432 444 484 536  243 244 247 253 doublescan -hsync +vsync (30.3 kHz d)
Oct 30 06:26:23 machine /usr/lib/gdm3/gdm-x-session[1608]: Information modeset(0): Modeline "432x243"x119.1   15.25  432 456 472 512  243 244 247 250 doublescan +hsync -vsync (29.8 kHz d)
Oct 30 06:26:23 machine /usr/lib/gdm3/gdm-x-session[1608]: Information modeset(0): Modeline "320x240"x120.1   12.59  320 328 376 400  240 245 246 262 doublescan -hsync -vsync (31.5 kHz d)
Oct 30 06:26:23 machine /usr/lib/gdm3/gdm-x-session[1608]: Information modeset(0): Modeline "360x202"x119.0   11.25  360 372 404 448  202 204 206 211 doublescan -hsync +vsync (25.1 kHz d)
Oct 30 06:26:23 machine /usr/lib/gdm3/gdm-x-session[1608]: Information modeset(0): Modeline "360x202"x118.3   10.88  360 384 400 440  202 204 206 209 doublescan +hsync -vsync (24.7 kHz d)
Oct 30 06:26:23 machine /usr/lib/gdm3/gdm-x-session[1608]: Information modeset(0): Modeline "320x180"x119.7    9.00  320 332 360 400  180 181 184 188 doublescan -hsync +vsync (22.5 kHz d)
Oct 30 06:26:23 machine /usr/lib/gdm3/gdm-x-session[1608]: Information modeset(0): Modeline "320x180"x118.6    8.88  320 344 360 400  180 181 184 187 doublescan +hsync -vsync (22.2 kHz d)
Oct 30 06:26:23 machine /usr/lib/gdm3/gdm-x-session[1608]: Information modeset(0): EDID for output HDMI-1
Oct 30 06:26:23 machine /usr/lib/gdm3/gdm-x-session[1608]: Information modeset(0): Output eDP-1 connected
Oct 30 06:26:23 machine /usr/lib/gdm3/gdm-x-session[1608]: Information modeset(0): Output HDMI-1 disconnected
Oct 30 06:26:23 machine /usr/lib/gdm3/gdm-x-session[1608]: Information modeset(0): Using exact sizes for initial modes
Oct 30 06:26:23 machine /usr/lib/gdm3/gdm-x-session[1608]: Information modeset(0): Output eDP-1 using initial mode 1600x900 +0+0
Oct 30 06:26:23 machine /usr/lib/gdm3/gdm-x-session[1608]: Information Loading sub module "fb"
Oct 30 06:26:23 machine /usr/lib/gdm3/gdm-x-session[1608]: Information LoadModule: "fb"
Oct 30 06:26:23 machine /usr/lib/gdm3/gdm-x-session[1608]: Information Loading /usr/lib/xorg/modules/libfb.so
Oct 30 06:26:23 machine /usr/lib/gdm3/gdm-x-session[1608]: Information Module fb: vendor="X.Org Foundation"
Oct 30 06:26:23 machine /usr/lib/gdm3/gdm-x-session[1608]: Information AMDGPU(G0): Pixel depth = 24 bits stored in 4 bytes (32 bpp pixmaps)
Oct 30 06:26:23 machine /usr/lib/gdm3/gdm-x-session[1608]: Information AMDGPU(G0): Using 8 bits per RGB (8 bit DAC)
Oct 30 06:26:23 machine /usr/lib/gdm3/gdm-x-session[1608]: Information Loading sub module "fb"
Oct 30 06:26:23 machine /usr/lib/gdm3/gdm-x-session[1608]: Information LoadModule: "fb"
Oct 30 06:26:23 machine /usr/lib/gdm3/gdm-x-session[1608]: Information Loading /usr/lib/xorg/modules/libfb.so
Oct 30 06:26:23 machine /usr/lib/gdm3/gdm-x-session[1608]: Information Module fb: vendor="X.Org Foundation"
Oct 30 06:26:23 machine /usr/lib/gdm3/gdm-x-session[1608]: Information Loading sub module "dri2"
Oct 30 06:26:23 machine /usr/lib/gdm3/gdm-x-session[1608]: Information LoadModule: "dri2"
Oct 30 06:26:23 machine /usr/lib/gdm3/gdm-x-session[1608]: Information Module "dri2" already built-in
Oct 30 06:26:23 machine /usr/lib/gdm3/gdm-x-session[1608]: Information Loading sub module "glamoregl"
Oct 30 06:26:23 machine /usr/lib/gdm3/gdm-x-session[1608]: Information LoadModule: "glamoregl"
Oct 30 06:26:23 machine /usr/lib/gdm3/gdm-x-session[1608]: Information Loading /usr/lib/xorg/modules/libglamoregl.so
Oct 30 06:26:23 machine /usr/lib/gdm3/gdm-x-session[1608]: Information Module glamoregl: vendor="X.Org Foundation"
Oct 30 06:26:23 machine /usr/lib/gdm3/gdm-x-session[1608]: Information AMDGPU(G0): glamor X acceleration enabled on AMD ICELAND (DRM 3.33.0, 5.3.0-42-generic, LLVM 9.0.0)
Oct 30 06:26:23 machine /usr/lib/gdm3/gdm-x-session[1608]: Information AMDGPU(G0): glamor detected, initialising EGL layer.
Oct 30 06:26:23 machine /usr/lib/gdm3/gdm-x-session[1608]: Information AMDGPU(G0): mem size init: gart size :bfd79000 vram size: s:7feac000 visible:feac000
Oct 30 06:26:23 machine /usr/lib/gdm3/gdm-x-session[1608]: Information Loading sub module "ramdac"
Oct 30 06:26:23 machine /usr/lib/gdm3/gdm-x-session[1608]: Information LoadModule: "ramdac"
Oct 30 06:26:23 machine /usr/lib/gdm3/gdm-x-session[1608]: Information Module "ramdac" already built-in
Oct 30 06:26:23 machine /usr/lib/gdm3/gdm-x-session[1608]: Information UnloadModule: "fbdev"
Oct 30 06:26:23 machine /usr/lib/gdm3/gdm-x-session[1608]: Information Unloading fbdev
Oct 30 06:26:23 machine /usr/lib/gdm3/gdm-x-session[1608]: Information UnloadSubModule: "fbdevhw"
Oct 30 06:26:23 machine /usr/lib/gdm3/gdm-x-session[1608]: Information Unloading fbdevhw
Oct 30 06:26:23 machine /usr/lib/gdm3/gdm-x-session[1608]: Information UnloadModule: "vesa"
Oct 30 06:26:23 machine /usr/lib/gdm3/gdm-x-session[1608]: Information Unloading vesa
Oct 30 06:26:23 machine /usr/lib/gdm3/gdm-x-session[1608]: Information AMDGPU(G0): [DRI2] Setup complete
Oct 30 06:26:23 machine /usr/lib/gdm3/gdm-x-session[1608]: Information AMDGPU(G0): [DRI2]   DRI driver: radeonsi
Oct 30 06:26:23 machine /usr/lib/gdm3/gdm-x-session[1608]: Information AMDGPU(G0): [DRI2]   VDPAU driver: radeonsi
Oct 30 06:26:23 machine /usr/lib/gdm3/gdm-x-session[1608]: Information AMDGPU(G0): Front buffer pitch: 4096 bytes
Oct 30 06:26:23 machine /usr/lib/gdm3/gdm-x-session[1608]: Information AMDGPU(G0): Direct rendering enabled
Oct 30 06:26:23 machine /usr/lib/gdm3/gdm-x-session[1608]: Information AMDGPU(G0): Use GLAMOR acceleration.
Oct 30 06:26:23 machine /usr/lib/gdm3/gdm-x-session[1608]: Information AMDGPU(G0): Acceleration enabled
Oct 30 06:26:23 machine /usr/lib/gdm3/gdm-x-session[1608]: Information modeset(0): Initializing kms color map for depth 24, 8 bpc.
Oct 30 06:26:23 machine /usr/lib/gdm3/gdm-x-session[1608]: Information modeset(0): [DRI2] Setup complete
Oct 30 06:26:23 machine /usr/lib/gdm3/gdm-x-session[1608]: Information modeset(0): [DRI2]   DRI driver: i965
Oct 30 06:26:23 machine /usr/lib/gdm3/gdm-x-session[1608]: Information modeset(0): [DRI2]   VDPAU driver: va_gl
Oct 30 06:26:23 machine /usr/lib/gdm3/gdm-x-session[1608]: Information Initializing extension Generic Event Extension
Oct 30 06:26:23 machine /usr/lib/gdm3/gdm-x-session[1608]: Information Initializing extension SHAPE
Oct 30 06:26:23 machine /usr/lib/gdm3/gdm-x-session[1608]: Information Initializing extension MIT-SHM
Oct 30 06:26:23 machine /usr/lib/gdm3/gdm-x-session[1608]: Information Initializing extension XInputExtension
Oct 30 06:26:23 machine /usr/lib/gdm3/gdm-x-session[1608]: Information Initializing extension XTEST
Oct 30 06:26:23 machine /usr/lib/gdm3/gdm-x-session[1608]: Information Initializing extension BIG-REQUESTS
Oct 30 06:26:23 machine /usr/lib/gdm3/gdm-x-session[1608]: Information Initializing extension SYNC
Oct 30 06:26:23 machine /usr/lib/gdm3/gdm-x-session[1608]: Information Initializing extension XKEYBOARD
Oct 30 06:26:23 machine /usr/lib/gdm3/gdm-x-session[1608]: Information Initializing extension XC-MISC
Oct 30 06:26:23 machine /usr/lib/gdm3/gdm-x-session[1608]: Information Initializing extension SECURITY
Oct 30 06:26:23 machine /usr/lib/gdm3/gdm-x-session[1608]: Information Initializing extension XFIXES
Oct 30 06:26:23 machine /usr/lib/gdm3/gdm-x-session[1608]: Information Initializing extension RENDER
Oct 30 06:26:23 machine /usr/lib/gdm3/gdm-x-session[1608]: Information Initializing extension RANDR
Oct 30 06:26:23 machine /usr/lib/gdm3/gdm-x-session[1608]: Information Initializing extension COMPOSITE
Oct 30 06:26:23 machine /usr/lib/gdm3/gdm-x-session[1608]: Information Initializing extension DAMAGE
Oct 30 06:26:23 machine /usr/lib/gdm3/gdm-x-session[1608]: Information Initializing extension MIT-SCREEN-SAVER
Oct 30 06:26:23 machine /usr/lib/gdm3/gdm-x-session[1608]: Information Initializing extension DOUBLE-BUFFER
Oct 30 06:26:23 machine /usr/lib/gdm3/gdm-x-session[1608]: Information Initializing extension RECORD
Oct 30 06:26:23 machine /usr/lib/gdm3/gdm-x-session[1608]: Information Initializing extension DPMS
Oct 30 06:26:23 machine /usr/lib/gdm3/gdm-x-session[1608]: Information Initializing extension Present
Oct 30 06:26:23 machine /usr/lib/gdm3/gdm-x-session[1608]: Information Initializing extension DRI3
Oct 30 06:26:23 machine /usr/lib/gdm3/gdm-x-session[1608]: Information Initializing extension X-Resource
Oct 30 06:26:23 machine /usr/lib/gdm3/gdm-x-session[1608]: Information Initializing extension XVideo
Oct 30 06:26:23 machine /usr/lib/gdm3/gdm-x-session[1608]: Information Initializing extension XVideo-MotionCompensation
Oct 30 06:26:23 machine /usr/lib/gdm3/gdm-x-session[1608]: Information Initializing extension SELinux
Oct 30 06:26:23 machine /usr/lib/gdm3/gdm-x-session[1608]: Information SELinux: Disabled on system
Oct 30 06:26:23 machine /usr/lib/gdm3/gdm-x-session[1608]: Information Initializing extension GLX
Oct 30 06:26:23 machine /usr/lib/gdm3/gdm-x-session[1608]: Information AIGLX: Loaded and initialized i965
Oct 30 06:26:23 machine /usr/lib/gdm3/gdm-x-session[1608]: Information GLX: Initialized DRI2 GL provider for screen 0
Oct 30 06:26:23 machine /usr/lib/gdm3/gdm-x-session[1608]: Information Initializing extension XFree86-VidModeExtension
Oct 30 06:26:23 machine /usr/lib/gdm3/gdm-x-session[1608]: Information Initializing extension XFree86-DGA
Oct 30 06:26:23 machine /usr/lib/gdm3/gdm-x-session[1608]: Information Initializing extension XFree86-DRI
Oct 30 06:26:23 machine /usr/lib/gdm3/gdm-x-session[1608]: Information Initializing extension DRI2
Oct 30 06:26:23 machine /usr/lib/gdm3/gdm-x-session[1608]: Information modeset(0): Damage tracking initialized
Oct 30 06:26:23 machine /usr/lib/gdm3/gdm-x-session[1608]: Information modeset(0): Setting screen physical size to 423 x 238
Oct 30 06:26:23 machine /usr/lib/gdm3/gdm-x-session[1608]: Information config/udev: Adding input device Power Button (/dev/input/event2)
Oct 30 06:26:23 machine /usr/lib/gdm3/gdm-x-session[1608]: Information LoadModule: "libinput"
Oct 30 06:26:23 machine /usr/lib/gdm3/gdm-x-session[1608]: Information Loading /usr/lib/xorg/modules/input/libinput_drv.so
Oct 30 06:26:23 machine /usr/lib/gdm3/gdm-x-session[1608]: Information Module libinput: vendor="X.Org Foundation"
Oct 30 06:26:23 machine /usr/lib/gdm3/gdm-x-session[1608]: Information Using input driver 'libinput' for 'Power Button'
Oct 30 06:26:23 machine /usr/lib/gdm3/gdm-x-session[1608]: Information systemd-logind: got fd for /dev/input/event2 13:66 fd 29 paused 0
Oct 30 06:26:23 machine /usr/lib/gdm3/gdm-x-session[1608]: Information event2  - Power Button: is tagged by udev as: Keyboard
Oct 30 06:26:23 machine /usr/lib/gdm3/gdm-x-session[1608]: Information event2  - Power Button: device is a keyboard
Oct 30 06:26:23 machine /usr/lib/gdm3/gdm-x-session[1608]: Information event2  - Power Button: device removed
Oct 30 06:26:23 machine /usr/lib/gdm3/gdm-x-session[1608]: Information XINPUT: Adding extended input device "Power Button" (type: KEYBOARD, id 6)
Oct 30 06:26:23 machine /usr/lib/gdm3/gdm-x-session[1608]: Information event2  - Power Button: is tagged by udev as: Keyboard
Oct 30 06:26:23 machine /usr/lib/gdm3/gdm-x-session[1608]: Information event2  - Power Button: device is a keyboard
Oct 30 06:26:23 machine /usr/lib/gdm3/gdm-x-session[1608]: Information config/udev: Adding input device Video Bus (/dev/input/event7)
Oct 30 06:26:23 machine /usr/lib/gdm3/gdm-x-session[1608]: Information Using input driver 'libinput' for 'Video Bus'
Oct 30 06:26:23 machine /usr/lib/gdm3/gdm-x-session[1608]: Information systemd-logind: got fd for /dev/input/event7 13:71 fd 32 paused 0
Oct 30 06:26:23 machine /usr/lib/gdm3/gdm-x-session[1608]: Information event7  - Video Bus: is tagged by udev as: Keyboard
Oct 30 06:26:23 machine /usr/lib/gdm3/gdm-x-session[1608]: Information event7  - Video Bus: device is a keyboard
Oct 30 06:26:23 machine /usr/lib/gdm3/gdm-x-session[1608]: Information event7  - Video Bus: device removed
Oct 30 06:26:23 machine /usr/lib/gdm3/gdm-x-session[1608]: Information XINPUT: Adding extended input device "Video Bus" (type: KEYBOARD, id 7)
Oct 30 06:26:23 machine /usr/lib/gdm3/gdm-x-session[1608]: Information event7  - Video Bus: is tagged by udev as: Keyboard
Oct 30 06:26:23 machine /usr/lib/gdm3/gdm-x-session[1608]: Information event7  - Video Bus: device is a keyboard
Oct 30 06:26:23 machine /usr/lib/gdm3/gdm-x-session[1608]: Information config/udev: Adding input device Power Button (/dev/input/event1)
Oct 30 06:26:23 machine /usr/lib/gdm3/gdm-x-session[1608]: Information Using input driver 'libinput' for 'Power Button'
Oct 30 06:26:23 machine /usr/lib/gdm3/gdm-x-session[1608]: Information systemd-logind: got fd for /dev/input/event1 13:65 fd 33 paused 0
Oct 30 06:26:23 machine /usr/lib/gdm3/gdm-x-session[1608]: Information event1  - Power Button: is tagged by udev as: Keyboard
Oct 30 06:26:23 machine /usr/lib/gdm3/gdm-x-session[1608]: Information event1  - Power Button: device is a keyboard
Oct 30 06:26:23 machine /usr/lib/gdm3/gdm-x-session[1608]: Information event1  - Power Button: device removed
Oct 30 06:26:23 machine /usr/lib/gdm3/gdm-x-session[1608]: Information XINPUT: Adding extended input device "Power Button" (type: KEYBOARD, id 8)
Oct 30 06:26:23 machine /usr/lib/gdm3/gdm-x-session[1608]: Information event1  - Power Button: is tagged by udev as: Keyboard
Oct 30 06:26:23 machine /usr/lib/gdm3/gdm-x-session[1608]: Information event1  - Power Button: device is a keyboard
Oct 30 06:26:23 machine /usr/lib/gdm3/gdm-x-session[1608]: Information config/udev: Adding input device Lid Switch (/dev/input/event0)
Oct 30 06:26:23 machine /usr/lib/gdm3/gdm-x-session[1608]: Information No input driver specified, ignoring this device.
Oct 30 06:26:23 machine /usr/lib/gdm3/gdm-x-session[1608]: Information This device may have been added with another device file.
Oct 30 06:26:23 machine /usr/lib/gdm3/gdm-x-session[1608]: Information config/udev: Adding input device HP Webcam: HP Webcam (/dev/input/event6)
Oct 30 06:26:23 machine /usr/lib/gdm3/gdm-x-session[1608]: Information Using input driver 'libinput' for 'HP Webcam: HP Webcam'
Oct 30 06:26:23 machine /usr/lib/gdm3/gdm-x-session[1608]: Information systemd-logind: got fd for /dev/input/event6 13:70 fd 34 paused 0
Oct 30 06:26:23 machine /usr/lib/gdm3/gdm-x-session[1608]: Information event6  - HP Webcam: HP Webcam: is tagged by udev as: Keyboard
Oct 30 06:26:23 machine /usr/lib/gdm3/gdm-x-session[1608]: Information event6  - HP Webcam: HP Webcam: device is a keyboard
Oct 30 06:26:23 machine /usr/lib/gdm3/gdm-x-session[1608]: Information event6  - HP Webcam: HP Webcam: device removed
Oct 30 06:26:23 machine /usr/lib/gdm3/gdm-x-session[1608]: Information XINPUT: Adding extended input device "HP Webcam: HP Webcam" (type: KEYBOARD, id 9)
Oct 30 06:26:23 machine /usr/lib/gdm3/gdm-x-session[1608]: Information event6  - HP Webcam: HP Webcam: is tagged by udev as: Keyboard
Oct 30 06:26:23 machine /usr/lib/gdm3/gdm-x-session[1608]: Information event6  - HP Webcam: HP Webcam: device is a keyboard
Oct 30 06:26:23 machine /usr/lib/gdm3/gdm-x-session[1608]: Information config/udev: Adding input device HDA Intel PCH Mic (/dev/input/event8)
Oct 30 06:26:23 machine /usr/lib/gdm3/gdm-x-session[1608]: Information No input driver specified, ignoring this device.
Oct 30 06:26:23 machine /usr/lib/gdm3/gdm-x-session[1608]: Information This device may have been added with another device file.
Oct 30 06:26:23 machine /usr/lib/gdm3/gdm-x-session[1608]: Information config/udev: Adding input device HDA Intel PCH Headphone (/dev/input/event9)
Oct 30 06:26:23 machine /usr/lib/gdm3/gdm-x-session[1608]: Information No input driver specified, ignoring this device.
Oct 30 06:26:23 machine /usr/lib/gdm3/gdm-x-session[1608]: Information This device may have been added with another device file.
Oct 30 06:26:23 machine /usr/lib/gdm3/gdm-x-session[1608]: Information config/udev: Adding input device HDA Intel PCH HDMI/DP,pcm=3 (/dev/input/event10)
Oct 30 06:26:23 machine /usr/lib/gdm3/gdm-x-session[1608]: Information No input driver specified, ignoring this device.
Oct 30 06:26:23 machine /usr/lib/gdm3/gdm-x-session[1608]: Information This device may have been added with another device file.
Oct 30 06:26:23 machine /usr/lib/gdm3/gdm-x-session[1608]: Information config/udev: Adding input device HDA Intel PCH HDMI/DP,pcm=7 (/dev/input/event11)
Oct 30 06:26:23 machine /usr/lib/gdm3/gdm-x-session[1608]: Information No input driver specified, ignoring this device.
Oct 30 06:26:23 machine /usr/lib/gdm3/gdm-x-session[1608]: Information This device may have been added with another device file.
Oct 30 06:26:23 machine /usr/lib/gdm3/gdm-x-session[1608]: Information config/udev: Adding input device HDA Intel PCH HDMI/DP,pcm=8 (/dev/input/event12)
Oct 30 06:26:23 machine /usr/lib/gdm3/gdm-x-session[1608]: Information No input driver specified, ignoring this device.
Oct 30 06:26:23 machine /usr/lib/gdm3/gdm-x-session[1608]: Information This device may have been added with another device file.
Oct 30 06:26:23 machine /usr/lib/gdm3/gdm-x-session[1608]: Information config/udev: Adding input device HDA Intel PCH HDMI/DP,pcm=9 (/dev/input/event13)
Oct 30 06:26:23 machine /usr/lib/gdm3/gdm-x-session[1608]: Information No input driver specified, ignoring this device.
Oct 30 06:26:23 machine /usr/lib/gdm3/gdm-x-session[1608]: Information This device may have been added with another device file.
Oct 30 06:26:23 machine /usr/lib/gdm3/gdm-x-session[1608]: Information config/udev: Adding input device HDA Intel PCH HDMI/DP,pcm=10 (/dev/input/event14)
Oct 30 06:26:23 machine /usr/lib/gdm3/gdm-x-session[1608]: Information No input driver specified, ignoring this device.
Oct 30 06:26:23 machine /usr/lib/gdm3/gdm-x-session[1608]: Information This device may have been added with another device file.
Oct 30 06:26:23 machine /usr/lib/gdm3/gdm-x-session[1608]: Information config/udev: Adding input device AT Translated Set 2 keyboard (/dev/input/event3)
Oct 30 06:26:23 machine /usr/lib/gdm3/gdm-x-session[1608]: Information Using input driver 'libinput' for 'AT Translated Set 2 keyboard'
Oct 30 06:26:23 machine /usr/lib/gdm3/gdm-x-session[1608]: Information systemd-logind: got fd for /dev/input/event3 13:67 fd 35 paused 0
Oct 30 06:26:23 machine /usr/lib/gdm3/gdm-x-session[1608]: Information event3  - AT Translated Set 2 keyboard: is tagged by udev as: Keyboard
Oct 30 06:26:23 machine /usr/lib/gdm3/gdm-x-session[1608]: Information event3  - AT Translated Set 2 keyboard: device is a keyboard
Oct 30 06:26:23 machine /usr/lib/gdm3/gdm-x-session[1608]: Information event3  - AT Translated Set 2 keyboard: device removed
Oct 30 06:26:23 machine /usr/lib/gdm3/gdm-x-session[1608]: Information XINPUT: Adding extended input device "AT Translated Set 2 keyboard" (type: KEYBOARD, id 10)
Oct 30 06:26:23 machine /usr/lib/gdm3/gdm-x-session[1608]: Information event3  - AT Translated Set 2 keyboard: is tagged by udev as: Keyboard
Oct 30 06:26:23 machine /usr/lib/gdm3/gdm-x-session[1608]: Information event3  - AT Translated Set 2 keyboard: device is a keyboard
Oct 30 06:26:23 machine /usr/lib/gdm3/gdm-x-session[1608]: Information config/udev: Adding input device ETPS/2 Elantech Touchpad (/dev/input/event4)
Oct 30 06:26:23 machine /usr/lib/gdm3/gdm-x-session[1608]: Information Using input driver 'libinput' for 'ETPS/2 Elantech Touchpad'
Oct 30 06:26:23 machine /usr/lib/gdm3/gdm-x-session[1608]: Information systemd-logind: got fd for /dev/input/event4 13:68 fd 36 paused 0
Oct 30 06:26:23 machine /usr/lib/gdm3/gdm-x-session[1608]: Information event4  - ETPS/2 Elantech Touchpad: is tagged by udev as: Touchpad
Oct 30 06:26:23 machine /usr/lib/gdm3/gdm-x-session[1608]: Information event4  - ETPS/2 Elantech Touchpad: device is a touchpad
Oct 30 06:26:23 machine /usr/lib/gdm3/gdm-x-session[1608]: Information event4  - ETPS/2 Elantech Touchpad: device removed
Oct 30 06:26:23 machine /usr/lib/gdm3/gdm-x-session[1608]: Information XINPUT: Adding extended input device "ETPS/2 Elantech Touchpad" (type: TOUCHPAD, id 11)
Oct 30 06:26:23 machine /usr/lib/gdm3/gdm-x-session[1608]: Information event4  - ETPS/2 Elantech Touchpad: is tagged by udev as: Touchpad
Oct 30 06:26:23 machine /usr/lib/gdm3/gdm-x-session[1608]: Information event4  - ETPS/2 Elantech Touchpad: device is a touchpad
Oct 30 06:26:23 machine /usr/lib/gdm3/gdm-x-session[1608]: Information config/udev: Adding input device ETPS/2 Elantech Touchpad (/dev/input/mouse0)
Oct 30 06:26:23 machine /usr/lib/gdm3/gdm-x-session[1608]: Information No input driver specified, ignoring this device.
Oct 30 06:26:23 machine /usr/lib/gdm3/gdm-x-session[1608]: Information This device may have been added with another device file.
Oct 30 06:26:23 machine /usr/lib/gdm3/gdm-x-session[1608]: Information config/udev: Adding input device HP Wireless hotkeys (/dev/input/event5)
Oct 30 06:26:23 machine /usr/lib/gdm3/gdm-x-session[1608]: Information Using input driver 'libinput' for 'HP Wireless hotkeys'
Oct 30 06:26:23 machine /usr/lib/gdm3/gdm-x-session[1608]: Information systemd-logind: got fd for /dev/input/event5 13:69 fd 37 paused 0
Oct 30 06:26:23 machine /usr/lib/gdm3/gdm-x-session[1608]: Information event5  - HP Wireless hotkeys: is tagged by udev as: Keyboard
Oct 30 06:26:23 machine /usr/lib/gdm3/gdm-x-session[1608]: Information event5  - HP Wireless hotkeys: device is a keyboard
Oct 30 06:26:23 machine /usr/lib/gdm3/gdm-x-session[1608]: Information event5  - HP Wireless hotkeys: device removed
Oct 30 06:26:23 machine /usr/lib/gdm3/gdm-x-session[1608]: Information XINPUT: Adding extended input device "HP Wireless hotkeys" (type: KEYBOARD, id 12)
Oct 30 06:26:23 machine /usr/lib/gdm3/gdm-x-session[1608]: Information event5  - HP Wireless hotkeys: is tagged by udev as: Keyboard
Oct 30 06:26:23 machine /usr/lib/gdm3/gdm-x-session[1608]: Information event5  - HP Wireless hotkeys: device is a keyboard
Oct 30 06:26:23 machine /usr/lib/gdm3/gdm-x-session[1608]: Information config/udev: Adding input device HP WMI hotkeys (/dev/input/event15)
Oct 30 06:26:23 machine /usr/lib/gdm3/gdm-x-session[1608]: Information Using input driver 'libinput' for 'HP WMI hotkeys'
Oct 30 06:26:23 machine /usr/lib/gdm3/gdm-x-session[1608]: Information systemd-logind: got fd for /dev/input/event15 13:79 fd 38 paused 0
Oct 30 06:26:23 machine /usr/lib/gdm3/gdm-x-session[1608]: Information event15 - HP WMI hotkeys: is tagged by udev as: Keyboard Switch
Oct 30 06:26:23 machine /usr/lib/gdm3/gdm-x-session[1608]: Information event15 - HP WMI hotkeys: device is a keyboard
Oct 30 06:26:23 machine /usr/lib/gdm3/gdm-x-session[1608]: Information event15 - HP WMI hotkeys: device removed
Oct 30 06:26:23 machine /usr/lib/gdm3/gdm-x-session[1608]: Information XINPUT: Adding extended input device "HP WMI hotkeys" (type: KEYBOARD, id 13)
Oct 30 06:26:23 machine /usr/lib/gdm3/gdm-x-session[1608]: Information event15 - HP WMI hotkeys: is tagged by udev as: Keyboard Switch
Oct 30 06:26:23 machine /usr/lib/gdm3/gdm-x-session[1608]: Information event15 - HP WMI hotkeys: device is a keyboard
Oct 30 06:26:24 machine /usr/lib/gdm3/gdm-x-session[1608]: Information modeset(0): EDID vendor "CMN", prod id 5957
Oct 30 06:26:24 machine /usr/lib/gdm3/gdm-x-session[1608]: Information modeset(0): Printing DDC gathered Modelines:
Oct 30 06:26:24 machine /usr/lib/gdm3/gdm-x-session[1608]: Information modeset(0): Modeline "1600x900"x0.0  107.80  1600 1648 1680 1940  900 903 908 926 +hsync -vsync (55.6 kHz eP)
Oct 30 06:26:24 machine /usr/lib/gdm3/gdm-x-session[1608]: Information modeset(0): Modeline "1600x900"x0.0   71.87  1600 1648 1680 1940  900 903 908 926 +hsync -vsync (37.0 kHz e)
Oct 31 17:24:28 machine /usr/lib/gdm3/gdm-x-session[1627]: #011(++) from command line, (!!) notice, Information informational,
Oct 31 17:24:28 machine /usr/lib/gdm3/gdm-x-session[1627]: Information The server relies on udev to provide the list of input devices.
Oct 31 17:24:28 machine /usr/lib/gdm3/gdm-x-session[1627]: Information Loader magic: 0x5592d232a020
Oct 31 17:24:28 machine /usr/lib/gdm3/gdm-x-session[1627]: Information Module ABI versions:
Oct 31 17:24:28 machine /usr/lib/gdm3/gdm-x-session[1627]: Information systemd-logind: took control of session /org/freedesktop/login1/session/_32
Oct 31 17:24:28 machine /usr/lib/gdm3/gdm-x-session[1627]: Information xfree86: Adding drm device (/dev/dri/card0)
Oct 31 17:24:28 machine /usr/lib/gdm3/gdm-x-session[1627]: Information systemd-logind: got fd for /dev/dri/card0 226:0 fd 12 paused 0
Oct 31 17:24:28 machine /usr/lib/gdm3/gdm-x-session[1627]: Information xfree86: Adding drm device (/dev/dri/card1)
Oct 31 17:24:28 machine /usr/lib/gdm3/gdm-x-session[1627]: Information systemd-logind: got fd for /dev/dri/card1 226:1 fd 13 paused 0
Oct 31 17:24:28 machine /usr/lib/gdm3/gdm-x-session[1627]: Information LoadModule: "glx"
Oct 31 17:24:28 machine /usr/lib/gdm3/gdm-x-session[1627]: Information Loading /usr/lib/xorg/modules/extensions/libglx.so
Oct 31 17:24:28 machine /usr/lib/gdm3/gdm-x-session[1627]: Information Module glx: vendor="X.Org Foundation"
Oct 31 17:24:28 machine /usr/lib/gdm3/gdm-x-session[1627]: Information Applying OutputClass "AMDgpu" to /dev/dri/card1
Oct 31 17:24:28 machine /usr/lib/gdm3/gdm-x-session[1627]: Information LoadModule: "amdgpu"
Oct 31 17:24:28 machine /usr/lib/gdm3/gdm-x-session[1627]: Information Loading /usr/lib/xorg/modules/drivers/amdgpu_drv.so
Oct 31 17:24:28 machine /usr/lib/gdm3/gdm-x-session[1627]: Information Module amdgpu: vendor="X.Org Foundation"
Oct 31 17:24:28 machine /usr/lib/gdm3/gdm-x-session[1627]: Information LoadModule: "ati"
Oct 31 17:24:28 machine /usr/lib/gdm3/gdm-x-session[1627]: Information Loading /usr/lib/xorg/modules/drivers/ati_drv.so
Oct 31 17:24:28 machine /usr/lib/gdm3/gdm-x-session[1627]: Information Module ati: vendor="X.Org Foundation"
Oct 31 17:24:28 machine /usr/lib/gdm3/gdm-x-session[1627]: Information LoadModule: "modesetting"
Oct 31 17:24:28 machine /usr/lib/gdm3/gdm-x-session[1627]: Information Loading /usr/lib/xorg/modules/drivers/modesetting_drv.so
Oct 31 17:24:28 machine /usr/lib/gdm3/gdm-x-session[1627]: Information Module modesetting: vendor="X.Org Foundation"
Oct 31 17:24:28 machine /usr/lib/gdm3/gdm-x-session[1627]: Information LoadModule: "fbdev"
Oct 31 17:24:28 machine /usr/lib/gdm3/gdm-x-session[1627]: Information Loading /usr/lib/xorg/modules/drivers/fbdev_drv.so
Oct 31 17:24:28 machine /usr/lib/gdm3/gdm-x-session[1627]: Information Module fbdev: vendor="X.Org Foundation"
Oct 31 17:24:28 machine /usr/lib/gdm3/gdm-x-session[1627]: Information LoadModule: "vesa"
Oct 31 17:24:28 machine /usr/lib/gdm3/gdm-x-session[1627]: Information Loading /usr/lib/xorg/modules/drivers/vesa_drv.so
Oct 31 17:24:28 machine /usr/lib/gdm3/gdm-x-session[1627]: Information Module vesa: vendor="X.Org Foundation"
Oct 31 17:24:28 machine /usr/lib/gdm3/gdm-x-session[1627]: Information AMDGPU: Driver for AMD Radeon:
Oct 31 17:24:28 machine /usr/lib/gdm3/gdm-x-session[1627]: Information modesetting: Driver for Modesetting Kernel Drivers: kms
Oct 31 17:24:28 machine /usr/lib/gdm3/gdm-x-session[1627]: Information FBDEV: driver for framebuffer: fbdev
Oct 31 17:24:28 machine /usr/lib/gdm3/gdm-x-session[1627]: Information VESA: driver for VESA chipsets: vesa
Oct 31 17:24:28 machine /usr/lib/gdm3/gdm-x-session[1627]: Information modeset(0): using drv /dev/dri/card0
Oct 31 17:24:28 machine /usr/lib/gdm3/gdm-x-session[1627]: Information Loading sub module "fbdevhw"
Oct 31 17:24:28 machine /usr/lib/gdm3/gdm-x-session[1627]: Information LoadModule: "fbdevhw"
Oct 31 17:24:28 machine /usr/lib/gdm3/gdm-x-session[1627]: Information Loading /usr/lib/xorg/modules/libfbdevhw.so
Oct 31 17:24:28 machine /usr/lib/gdm3/gdm-x-session[1627]: Information Module fbdevhw: vendor="X.Org Foundation"
Oct 31 17:24:28 machine /usr/lib/gdm3/gdm-x-session[1627]: Information modeset(0): Creating default Display subsection in Screen section
Oct 31 17:24:28 machine /usr/lib/gdm3/gdm-x-session[1627]: Information Loading sub module "glamoregl"
Oct 31 17:24:28 machine /usr/lib/gdm3/gdm-x-session[1627]: Information LoadModule: "glamoregl"
Oct 31 17:24:28 machine /usr/lib/gdm3/gdm-x-session[1627]: Information Loading /usr/lib/xorg/modules/libglamoregl.so
Oct 31 17:24:28 machine /usr/lib/gdm3/gdm-x-session[1627]: Information Module glamoregl: vendor="X.Org Foundation"
Oct 31 17:24:28 machine /usr/lib/gdm3/gdm-x-session[1627]: Information modeset(0): glamor X acceleration enabled on Mesa DRI Intel(R) UHD Graphics (Whiskey Lake 3x8 GT2)
Oct 31 17:24:28 machine /usr/lib/gdm3/gdm-x-session[1627]: Information modeset(0): glamor initialized
Oct 31 17:24:28 machine /usr/lib/gdm3/gdm-x-session[1627]: Information modeset(0): Output eDP-1 has no monitor section
Oct 31 17:24:28 machine /usr/lib/gdm3/gdm-x-session[1627]: Information modeset(0): Output HDMI-1 has no monitor section
Oct 31 17:24:28 machine /usr/lib/gdm3/gdm-x-session[1627]: Information modeset(0): EDID for output eDP-1
Oct 31 17:24:28 machine /usr/lib/gdm3/gdm-x-session[1627]: Information modeset(0): Manufacturer: CMN  Model: 1745  Serial#: 0
Oct 31 17:24:28 machine /usr/lib/gdm3/gdm-x-session[1627]: Information modeset(0): Year: 2016  Week: 4
Oct 31 17:24:28 machine /usr/lib/gdm3/gdm-x-session[1627]: Information modeset(0): EDID Version: 1.4
Oct 31 17:24:28 machine /usr/lib/gdm3/gdm-x-session[1627]: Information modeset(0): Digital Display Input
Oct 31 17:24:28 machine /usr/lib/gdm3/gdm-x-session[1627]: Information modeset(0): 6 bits per channel
Oct 31 17:24:28 machine /usr/lib/gdm3/gdm-x-session[1627]: Information modeset(0): Digital interface is DisplayPort
Oct 31 17:24:28 machine /usr/lib/gdm3/gdm-x-session[1627]: Information modeset(0): Max Image Size [cm]: horiz.: 38  vert.: 21
Oct 31 17:24:28 machine /usr/lib/gdm3/gdm-x-session[1627]: Information modeset(0): Gamma: 2.20
Oct 31 17:24:28 machine /usr/lib/gdm3/gdm-x-session[1627]: Information modeset(0): No DPMS capabilities specified
Oct 31 17:24:28 machine /usr/lib/gdm3/gdm-x-session[1627]: Information modeset(0): Supported color encodings: RGB 4:4:4
Oct 31 17:24:28 machine /usr/lib/gdm3/gdm-x-session[1627]: Information modeset(0): First detailed timing is preferred mode
Oct 31 17:24:28 machine /usr/lib/gdm3/gdm-x-session[1627]: Information modeset(0): Preferred mode is native pixel format and refresh rate
Oct 31 17:24:28 machine /usr/lib/gdm3/gdm-x-session[1627]: Information modeset(0): redX: 0.627 redY: 0.337   greenX: 0.317 greenY: 0.578
Oct 31 17:24:28 machine /usr/lib/gdm3/gdm-x-session[1627]: Information modeset(0): blueX: 0.156 blueY: 0.074   whiteX: 0.313 whiteY: 0.329
Oct 31 17:24:28 machine /usr/lib/gdm3/gdm-x-session[1627]: Information modeset(0): Manufacturer's mask: 0
Oct 31 17:24:28 machine /usr/lib/gdm3/gdm-x-session[1627]: Information modeset(0): Supported detailed timing:
Oct 31 17:24:28 machine /usr/lib/gdm3/gdm-x-session[1627]: Information modeset(0): clock: 107.8 MHz   Image Size:  382 x 214 mm
Oct 31 17:24:28 machine /usr/lib/gdm3/gdm-x-session[1627]: Information modeset(0): h_active: 1600  h_sync: 1648  h_sync_end 1680 h_blank_end 1940 h_border: 0
Oct 31 17:24:28 machine /usr/lib/gdm3/gdm-x-session[1627]: Information modeset(0): v_active: 900  v_sync: 903  v_sync_end 908 v_blanking: 926 v_border: 0
Oct 31 17:24:28 machine /usr/lib/gdm3/gdm-x-session[1627]: Information modeset(0): Supported detailed timing:
Oct 31 17:24:28 machine /usr/lib/gdm3/gdm-x-session[1627]: Information modeset(0): clock: 71.9 MHz   Image Size:  382 x 214 mm
Oct 31 17:24:28 machine /usr/lib/gdm3/gdm-x-session[1627]: Information modeset(0): h_active: 1600  h_sync: 1648  h_sync_end 1680 h_blank_end 1940 h_border: 0
Oct 31 17:24:28 machine /usr/lib/gdm3/gdm-x-session[1627]: Information modeset(0): v_active: 900  v_sync: 903  v_sync_end 908 v_blanking: 926 v_border: 0
Oct 31 17:24:28 machine /usr/lib/gdm3/gdm-x-session[1627]: Information modeset(0): Unknown vendor-specific block 2
Oct 31 17:24:28 machine /usr/lib/gdm3/gdm-x-session[1627]: Information modeset(0): EDID (in hex):
Oct 31 17:24:28 machine /usr/lib/gdm3/gdm-x-session[1627]: Information modeset(0): #01100ffffffffffff000dae451700000000
Oct 31 17:24:28 machine /usr/lib/gdm3/gdm-x-session[1627]: Information modeset(0): #011041a010495261578029405a056519428
Oct 31 17:24:28 machine /usr/lib/gdm3/gdm-x-session[1627]: Information modeset(0): #01113505400000001010101010101010101
Oct 31 17:24:28 machine /usr/lib/gdm3/gdm-x-session[1627]: Information modeset(0): #0110101010101011c2a405461841a303020
Oct 31 17:24:28 machine /usr/lib/gdm3/gdm-x-session[1627]: Information modeset(0): #01135007ed61000001a131c405461841a30
Oct 31 17:24:28 machine /usr/lib/gdm3/gdm-x-session[1627]: Information modeset(0): #011302035007ed61000001a000000000000
Oct 31 17:24:28 machine /usr/lib/gdm3/gdm-x-session[1627]: Information modeset(0): #01100000000000000000000000000000002
Oct 31 17:24:28 machine /usr/lib/gdm3/gdm-x-session[1627]: Information modeset(0): #011000c3fef0b3c6e1b101e75000000006f
Oct 31 17:24:28 machine /usr/lib/gdm3/gdm-x-session[1627]: Information modeset(0): Printing probed modes for output eDP-1
Oct 31 17:24:28 machine /usr/lib/gdm3/gdm-x-session[1627]: Information modeset(0): Modeline "1600x900"x60.0  107.80  1600 1648 1680 1940  900 903 908 926 +hsync -vsync (55.6 kHz eP)
Oct 31 17:24:28 machine /usr/lib/gdm3/gdm-x-session[1627]: Information modeset(0): Modeline "1600x900"x120.0  246.00  1600 1728 1900 2200  900 901 904 932 doublescan -hsync +vsync (111.8 kHz d)
Oct 31 17:24:28 machine /usr/lib/gdm3/gdm-x-session[1627]: Information modeset(0): Modeline "1600x900"x119.9  186.50  1600 1624 1640 1680  900 901 904 926 doublescan +hsync -vsync (111.0 kHz d)
Oct 31 17:24:28 machine /usr/lib/gdm3/gdm-x-session[1627]: Information modeset(0): Modeline "1600x900"x59.9  118.25  1600 1696 1856 2112  900 903 908 934 -hsync +vsync (56.0 kHz d)
Oct 31 17:24:28 machine /usr/lib/gdm3/gdm-x-session[1627]: Information modeset(0): Modeline "1600x900"x59.8   97.50  1600 1648 1680 1760  900 903 908 926 +hsync -vsync (55.4 kHz d)
Oct 31 17:24:28 machine /usr/lib/gdm3/gdm-x-session[1627]: Information modeset(0): Modeline "1600x900"x40.0   71.87  1600 1648 1680 1940  900 903 908 926 +hsync -vsync (37.0 kHz e)
Oct 31 17:24:28 machine /usr/lib/gdm3/gdm-x-session[1627]: Information modeset(0): Modeline "1440x900"x59.9  106.50  1440 1520 1672 1904  900 903 909 934 -hsync +vsync (55.9 kHz d)
Oct 31 17:24:28 machine /usr/lib/gdm3/gdm-x-session[1627]: Information modeset(0): Modeline "1400x900"x60.0  103.50  1400 1480 1624 1848  900 903 913 934 -hsync +vsync (56.0 kHz d)
Oct 31 17:24:28 machine /usr/lib/gdm3/gdm-x-session[1627]: Information modeset(0): Modeline "1400x900"x59.9   86.50  1400 1448 1480 1560  900 903 913 926 +hsync -vsync (55.4 kHz d)
Oct 31 17:24:28 machine /usr/lib/gdm3/gdm-x-session[1627]: Information modeset(0): Modeline "1440x810"x120.0  198.12  1440 1548 1704 1968  810 811 814 839 doublescan -hsync +vsync (100.7 kHz d)
Oct 31 17:24:28 machine /usr/lib/gdm3/gdm-x-session[1627]: Information modeset(0): Modeline "1440x810"x119.9  151.88  1440 1464 1480 1520  810 811 814 833 doublescan +hsync -vsync (99.9 kHz d)
Oct 31 17:24:28 machine /usr/lib/gdm3/gdm-x-session[1627]: Information modeset(0): Modeline "1368x768"x59.9   85.25  1368 1440 1576 1784  768 771 781 798 -hsync +vsync (47.8 kHz d)
Oct 31 17:24:28 machine /usr/lib/gdm3/gdm-x-session[1627]: Information modeset(0): Modeline "1368x768"x59.9   72.25  1368 1416 1448 1528  768 771 781 790 +hsync -vsync (47.3 kHz d)
Oct 31 17:24:28 machine /usr/lib/gdm3/gdm-x-session[1627]: Information modeset(0): Modeline "1360x768"x59.8   84.75  1360 1432 1568 1776  768 771 781 798 -hsync +vsync (47.7 kHz d)
Oct 31 17:24:28 machine /usr/lib/gdm3/gdm-x-session[1627]: Information modeset(0): Modeline "1360x768"x60.0   72.00  1360 1408 1440 1520  768 771 781 790 +hsync -vsync (47.4 kHz d)
Oct 31 17:24:28 machine /usr/lib/gdm3/gdm-x-session[1627]: Information modeset(0): Modeline "1280x800"x120.0  174.25  1280 1380 1516 1752  800 801 804 829 doublescan -hsync +vsync (99.5 kHz d)
Oct 31 17:24:28 machine /usr/lib/gdm3/gdm-x-session[1627]: Information modeset(0): Modeline "1280x800"x119.9  134.25  1280 1304 1320 1360  800 801 804 823 doublescan +hsync -vsync (98.7 kHz d)
Oct 31 17:24:28 machine /usr/lib/gdm3/gdm-x-session[1627]: Information modeset(0): Modeline "1280x800"x59.8   83.50  1280 1352 1480 1680  800 803 809 831 -hsync +vsync (49.7 kHz d)
Oct 31 17:24:28 machine /usr/lib/gdm3/gdm-x-session[1627]: Information modeset(0): Modeline "1280x800"x59.9   71.00  1280 1328 1360 1440  800 803 809 823 +hsync -vsync (49.3 kHz d)
Oct 31 17:24:28 machine /usr/lib/gdm3/gdm-x-session[1627]: Information modeset(0): Modeline "1152x864"x60.0   81.62  1152 1216 1336 1520  864 865 868 895 -hsync +vsync (53.7 kHz d)
Oct 31 17:24:28 machine /usr/lib/gdm3/gdm-x-session[1627]: Information modeset(0): Modeline "1280x720"x120.0  156.12  1280 1376 1512 1744  720 721 724 746 doublescan -hsync +vsync (89.5 kHz d)
Oct 31 17:24:28 machine /usr/lib/gdm3/gdm-x-session[1627]: Information modeset(0): Modeline "1280x720"x120.0  120.75  1280 1304 1320 1360  720 721 724 740 doublescan +hsync -vsync (88.8 kHz d)
Oct 31 17:24:28 machine /usr/lib/gdm3/gdm-x-session[1627]: Information modeset(0): Modeline "1280x720"x59.9   74.50  1280 1344 1472 1664  720 723 728 748 -hsync +vsync (44.8 kHz d)
Oct 31 17:24:28 machine /usr/lib/gdm3/gdm-x-session[1627]: Information modeset(0): Modeline "1280x720"x59.7   63.75  1280 1328 1360 1440  720 723 728 741 +hsync -vsync (44.3 kHz d)
Oct 31 17:24:28 machine /usr/lib/gdm3/gdm-x-session[1627]: Information modeset(0): Modeline "1024x768"x120.1  133.47  1024 1100 1212 1400  768 768 770 794 doublescan -hsync +vsync (95.3 kHz d)
Oct 31 17:24:28 machine /usr/lib/gdm3/gdm-x-session[1627]: Information modeset(0): Modeline "1024x768"x60.0   65.00  1024 1048 1184 1344  768 771 777 806 -hsync -vsync (48.4 kHz d)
Oct 31 17:24:28 machine /usr/lib/gdm3/gdm-x-session[1627]: Information modeset(0): Modeline "960x720"x120.0  117.00  960 1024 1128 1300  720 720 722 750 doublescan -hsync +vsync (90.0 kHz d)
Oct 31 17:24:28 machine /usr/lib/gdm3/gdm-x-session[1627]: Information modeset(0): Modeline "928x696"x120.1  109.15  928 976 1088 1264  696 696 698 719 doublescan -hsync +vsync (86.4 kHz d)
Oct 31 17:24:28 machine /usr/lib/gdm3/gdm-x-session[1627]: Information modeset(0): Modeline "896x672"x120.0  102.40  896 960 1060 1224  672 672 674 697 doublescan -hsync +vsync (83.7 kHz d)
Oct 31 17:24:28 machine /usr/lib/gdm3/gdm-x-session[1627]: Information modeset(0): Modeline "1024x576"x119.9   98.50  1024 1092 1200 1376  576 577 580 597 doublescan -hsync +vsync (71.6 kHz d)
Oct 31 17:24:28 machine /usr/lib/gdm3/gdm-x-session[1627]: Information modeset(0): Modeline "1024x576"x119.9   78.38  1024 1048 1064 1104  576 577 580 592 doublescan +hsync -vsync (71.0 kHz d)
Oct 31 17:24:28 machine /usr/lib/gdm3/gdm-x-session[1627]: Information modeset(0): Modeline "1024x576"x59.9   46.50  1024 1064 1160 1296  576 579 584 599 -hsync +vsync (35.9 kHz d)
Oct 31 17:24:28 machine /usr/lib/gdm3/gdm-x-session[1627]: Information modeset(0): Modeline "1024x576"x59.8   42.00  1024 1072 1104 1184  576 579 584 593 +hsync -vsync (35.5 kHz d)
Oct 31 17:24:28 machine /usr/lib/gdm3/gdm-x-session[1627]: Information modeset(0): Modeline "960x600"x119.9   96.62  960 1028 1128 1296  600 601 604 622 doublescan -hsync +vsync (74.6 kHz d)
Oct 31 17:24:28 machine /usr/lib/gdm3/gdm-x-session[1627]: Information modeset(0): Modeline "960x600"x120.0   77.00  960 984 1000 1040  600 601 604 617 doublescan +hsync -vsync (74.0 kHz d)
Oct 31 17:24:28 machine /usr/lib/gdm3/gdm-x-session[1627]: Information modeset(0): Modeline "960x540"x119.9   86.50  960 1024 1124 1288  540 541 544 560 doublescan -hsync +vsync (67.2 kHz d)
Oct 31 17:24:28 machine /usr/lib/gdm3/gdm-x-session[1627]: Information modeset(0): Modeline "960x540"x120.0   69.25  960 984 1000 1040  540 541 544 555 doublescan +hsync -vsync (66.6 kHz d)
Oct 31 17:24:28 machine /usr/lib/gdm3/gdm-x-session[1627]: Information modeset(0): Modeline "960x540"x59.6   40.75  960 992 1088 1216  540 543 548 562 -hsync +vsync (33.5 kHz d)
Oct 31 17:24:28 machine /usr/lib/gdm3/gdm-x-session[1627]: Information modeset(0): Modeline "960x540"x59.8   37.25  960 1008 1040 1120  540 543 548 556 +hsync -vsync (33.3 kHz d)
Oct 31 17:24:28 machine /usr/lib/gdm3/gdm-x-session[1627]: Information modeset(0): Modeline "800x600"x120.0   81.00  800 832 928 1080  600 600 602 625 doublescan +hsync +vsync (75.0 kHz d)
Oct 31 17:24:28 machine /usr/lib/gdm3/gdm-x-session[1627]: Information modeset(0): Modeline "800x600"x60.3   40.00  800 840 968 1056  600 601 605 628 +hsync +vsync (37.9 kHz d)
Oct 31 17:24:28 machine /usr/lib/gdm3/gdm-x-session[1627]: Information modeset(0): Modeline "800x600"x56.2   36.00  800 824 896 1024  600 601 603 625 +hsync +vsync (35.2 kHz d)
Oct 31 17:24:28 machine /usr/lib/gdm3/gdm-x-session[1627]: Information modeset(0): Modeline "840x525"x120.0   73.12  840 892 980 1120  525 526 529 544 doublescan -hsync +vsync (65.3 kHz d)
Oct 31 17:24:28 machine /usr/lib/gdm3/gdm-x-session[1627]: Information modeset(0): Modeline "840x525"x119.8   59.50  840 864 880 920  525 526 529 540 doublescan +hsync -vsync (64.7 kHz d)
Oct 31 17:24:28 machine /usr/lib/gdm3/gdm-x-session[1627]: Information modeset(0): Modeline "864x486"x59.9   32.50  864 888 968 1072  486 489 494 506 -hsync +vsync (30.3 kHz d)
Oct 31 17:24:28 machine /usr/lib/gdm3/gdm-x-session[1627]: Information modeset(0): Modeline "864x486"x59.6   30.50  864 912 944 1024  486 489 494 500 +hsync -vsync (29.8 kHz d)
Oct 31 17:24:28 machine /usr/lib/gdm3/gdm-x-session[1627]: Information modeset(0): Modeline "800x512"x120.3   51.56  800 800 828 832  512 512 514 515 doublescan +hsync +vsync (62.0 kHz d)
Oct 31 17:24:28 machine /usr/lib/gdm3/gdm-x-session[1627]: Information modeset(0): Modeline "700x525"x120.0   61.00  700 744 820 940  525 526 532 541 doublescan +hsync +vsync (64.9 kHz d)
Oct 31 17:24:28 machine /usr/lib/gdm3/gdm-x-session[1627]: Information modeset(0): Modeline "800x450"x119.9   59.12  800 848 928 1056  450 451 454 467 doublescan -hsync +vsync (56.0 kHz d)
Oct 31 17:24:28 machine /usr/lib/gdm3/gdm-x-session[1627]: Information modeset(0): Modeline "800x450"x119.6   48.75  800 824 840 880  450 451 454 463 doublescan +hsync -vsync (55.4 kHz d)
Oct 31 17:24:28 machine /usr/lib/gdm3/gdm-x-session[1627]: Information modeset(0): Modeline "640x512"x120.0   54.00  640 664 720 844  512 512 514 533 doublescan +hsync +vsync (64.0 kHz d)
Oct 31 17:24:28 machine /usr/lib/gdm3/gdm-x-session[1627]: Information modeset(0): Modeline "720x450"x119.8   53.25  720 760 836 952  450 451 454 467 doublescan -hsync +vsync (55.9 kHz d)
Oct 31 17:24:28 machine /usr/lib/gdm3/gdm-x-session[1627]: Information modeset(0): Modeline "700x450"x119.9   51.75  700 740 812 924  450 451 456 467 doublescan -hsync +vsync (56.0 kHz d)
Oct 31 17:24:28 machine /usr/lib/gdm3/gdm-x-session[1627]: Information modeset(0): Modeline "700x450"x119.8   43.25  700 724 740 780  450 451 456 463 doublescan +hsync -vsync (55.4 kHz d)
Oct 31 17:24:28 machine /usr/lib/gdm3/gdm-x-session[1627]: Information modeset(0): Modeline "640x480"x120.0   54.00  640 688 744 900  480 480 482 500 doublescan +hsync +vsync (60.0 kHz d)
Oct 31 17:24:28 machine /usr/lib/gdm3/gdm-x-session[1627]: Information modeset(0): Modeline "640x480"x59.9   25.18  640 656 752 800  480 490 492 525 -hsync -vsync (31.5 kHz d)
Oct 31 17:24:28 machine /usr/lib/gdm3/gdm-x-session[1627]: Information modeset(0): Modeline "720x405"x59.5   22.50  720 744 808 896  405 408 413 422 -hsync +vsync (25.1 kHz d)
Oct 31 17:24:28 machine /usr/lib/gdm3/gdm-x-session[1627]: Information modeset(0): Modeline "720x405"x59.0   21.75  720 768 800 880  405 408 413 419 +hsync -vsync (24.7 kHz d)
Oct 31 17:24:28 machine /usr/lib/gdm3/gdm-x-session[1627]: Information modeset(0): Modeline "684x384"x119.8   42.62  684 720 788 892  384 385 390 399 doublescan -hsync +vsync (47.8 kHz d)
Oct 31 17:24:28 machine /usr/lib/gdm3/gdm-x-session[1627]: Information modeset(0): Modeline "684x384"x119.7   36.12  684 708 724 764  384 385 390 395 doublescan +hsync -vsync (47.3 kHz d)
Oct 31 17:24:28 machine /usr/lib/gdm3/gdm-x-session[1627]: Information modeset(0): Modeline "680x384"x119.6   42.38  680 716 784 888  384 385 390 399 doublescan -hsync +vsync (47.7 kHz d)
Oct 31 17:24:28 machine /usr/lib/gdm3/gdm-x-session[1627]: Information modeset(0): Modeline "680x384"x119.9   36.00  680 704 720 760  384 385 390 395 doublescan +hsync -vsync (47.4 kHz d)
Oct 31 17:24:28 machine /usr/lib/gdm3/gdm-x-session[1627]: Information modeset(0): Modeline "640x400"x119.8   41.75  640 676 740 840  400 401 404 415 doublescan -hsync +vsync (49.7 kHz d)
Oct 31 17:24:28 machine /usr/lib/gdm3/gdm-x-session[1627]: Information modeset(0): Modeline "640x400"x120.0   35.50  640 664 680 720  400 401 404 411 doublescan +hsync -vsync (49.3 kHz d)
Oct 31 17:24:28 machine /usr/lib/gdm3/gdm-x-session[1627]: Information modeset(0): Modeline "576x432"x120.1   40.81  576 608 668 760  432 432 434 447 doublescan -hsync +vsync (53.7 kHz d)
Oct 31 17:24:28 machine /usr/lib/gdm3/gdm-x-session[1627]: Information modeset(0): Modeline "640x360"x119.7   37.25  640 672 736 832  360 361 364 374 doublescan -hsync +vsync (44.8 kHz d)
Oct 31 17:24:28 machine /usr/lib/gdm3/gdm-x-session[1627]: Information modeset(0): Modeline "640x360"x119.7   31.88  640 664 680 720  360 361 364 370 doublescan +hsync -vsync (44.3 kHz d)
Oct 31 17:24:28 machine /usr/lib/gdm3/gdm-x-session[1627]: Information modeset(0): Modeline "640x360"x59.8   18.00  640 664 720 800  360 363 368 376 -hsync +vsync (22.5 kHz d)
Oct 31 17:24:28 machine /usr/lib/gdm3/gdm-x-session[1627]: Information modeset(0): Modeline "640x360"x59.3   17.75  640 688 720 800  360 363 368 374 +hsync -vsync (22.2 kHz d)
Oct 31 17:24:28 machine /usr/lib/gdm3/gdm-x-session[1627]: Information modeset(0): Modeline "512x384"x120.0   32.50  512 524 592 672  384 385 388 403 doublescan -hsync -vsync (48.4 kHz d)
Oct 31 17:24:28 machine /usr/lib/gdm3/gdm-x-session[1627]: Information modeset(0): Modeline "512x288"x120.0   23.25  512 532 580 648  288 289 292 299 doublescan -hsync +vsync (35.9 kHz d)
Oct 31 17:24:28 machine /usr/lib/gdm3/gdm-x-session[1627]: Information modeset(0): Modeline "512x288"x119.8   21.00  512 536 552 592  288 289 292 296 doublescan +hsync -vsync (35.5 kHz d)
Oct 31 17:24:28 machine /usr/lib/gdm3/gdm-x-session[1627]: Information modeset(0): Modeline "480x270"x119.3   20.38  480 496 544 608  270 271 274 281 doublescan -hsync +vsync (33.5 kHz d)
Oct 31 17:24:28 machine /usr/lib/gdm3/gdm-x-session[1627]: Information modeset(0): Modeline "480x270"x119.6   18.62  480 504 520 560  270 271 274 278 doublescan +hsync -vsync (33.3 kHz d)
Oct 31 17:24:28 machine /usr/lib/gdm3/gdm-x-session[1627]: Information modeset(0): Modeline "400x300"x120.6   20.00  400 420 484 528  300 300 302 314 doublescan +hsync +vsync (37.9 kHz d)
Oct 31 17:24:28 machine /usr/lib/gdm3/gdm-x-session[1627]: Information modeset(0): Modeline "400x300"x112.7   18.00  400 412 448 512  300 300 301 312 doublescan +hsync +vsync (35.2 kHz d)
Oct 31 17:24:28 machine /usr/lib/gdm3/gdm-x-session[1627]: Information modeset(0): Modeline "432x243"x119.8   16.25  432 444 484 536  243 244 247 253 doublescan -hsync +vsync (30.3 kHz d)
Oct 31 17:24:28 machine /usr/lib/gdm3/gdm-x-session[1627]: Information modeset(0): Modeline "432x243"x119.1   15.25  432 456 472 512  243 244 247 250 doublescan +hsync -vsync (29.8 kHz d)
Oct 31 17:24:28 machine /usr/lib/gdm3/gdm-x-session[1627]: Information modeset(0): Modeline "320x240"x120.1   12.59  320 328 376 400  240 245 246 262 doublescan -hsync -vsync (31.5 kHz d)
Oct 31 17:24:28 machine /usr/lib/gdm3/gdm-x-session[1627]: Information modeset(0): Modeline "360x202"x119.0   11.25  360 372 404 448  202 204 206 211 doublescan -hsync +vsync (25.1 kHz d)
Oct 31 17:24:28 machine /usr/lib/gdm3/gdm-x-session[1627]: Information modeset(0): Modeline "360x202"x118.3   10.88  360 384 400 440  202 204 206 209 doublescan +hsync -vsync (24.7 kHz d)
Oct 31 17:24:28 machine /usr/lib/gdm3/gdm-x-session[1627]: Information modeset(0): Modeline "320x180"x119.7    9.00  320 332 360 400  180 181 184 188 doublescan -hsync +vsync (22.5 kHz d)
Oct 31 17:24:28 machine /usr/lib/gdm3/gdm-x-session[1627]: Information modeset(0): Modeline "320x180"x118.6    8.88  320 344 360 400  180 181 184 187 doublescan +hsync -vsync (22.2 kHz d)
Oct 31 17:24:28 machine /usr/lib/gdm3/gdm-x-session[1627]: Information modeset(0): EDID for output HDMI-1
Oct 31 17:24:28 machine /usr/lib/gdm3/gdm-x-session[1627]: Information modeset(0): Output eDP-1 connected
Oct 31 17:24:28 machine /usr/lib/gdm3/gdm-x-session[1627]: Information modeset(0): Output HDMI-1 disconnected
Oct 31 17:24:28 machine /usr/lib/gdm3/gdm-x-session[1627]: Information modeset(0): Using exact sizes for initial modes
Oct 31 17:24:28 machine /usr/lib/gdm3/gdm-x-session[1627]: Information modeset(0): Output eDP-1 using initial mode 1600x900 +0+0
Oct 31 17:24:28 machine /usr/lib/gdm3/gdm-x-session[1627]: Information Loading sub module "fb"
Oct 31 17:24:28 machine /usr/lib/gdm3/gdm-x-session[1627]: Information LoadModule: "fb"
Oct 31 17:24:28 machine /usr/lib/gdm3/gdm-x-session[1627]: Information Loading /usr/lib/xorg/modules/libfb.so
Oct 31 17:24:28 machine /usr/lib/gdm3/gdm-x-session[1627]: Information Module fb: vendor="X.Org Foundation"
Oct 31 17:24:28 machine /usr/lib/gdm3/gdm-x-session[1627]: Information AMDGPU(G0): Pixel depth = 24 bits stored in 4 bytes (32 bpp pixmaps)
Oct 31 17:24:28 machine /usr/lib/gdm3/gdm-x-session[1627]: Information AMDGPU(G0): Using 8 bits per RGB (8 bit DAC)
Oct 31 17:24:28 machine /usr/lib/gdm3/gdm-x-session[1627]: Information Loading sub module "fb"
Oct 31 17:24:28 machine /usr/lib/gdm3/gdm-x-session[1627]: Information LoadModule: "fb"
Oct 31 17:24:28 machine /usr/lib/gdm3/gdm-x-session[1627]: Information Loading /usr/lib/xorg/modules/libfb.so
Oct 31 17:24:28 machine /usr/lib/gdm3/gdm-x-session[1627]: Information Module fb: vendor="X.Org Foundation"
Oct 31 17:24:28 machine /usr/lib/gdm3/gdm-x-session[1627]: Information Loading sub module "dri2"
Oct 31 17:24:28 machine /usr/lib/gdm3/gdm-x-session[1627]: Information LoadModule: "dri2"
Oct 31 17:24:28 machine /usr/lib/gdm3/gdm-x-session[1627]: Information Module "dri2" already built-in
Oct 31 17:24:28 machine /usr/lib/gdm3/gdm-x-session[1627]: Information Loading sub module "glamoregl"
Oct 31 17:24:28 machine /usr/lib/gdm3/gdm-x-session[1627]: Information LoadModule: "glamoregl"
Oct 31 17:24:28 machine /usr/lib/gdm3/gdm-x-session[1627]: Information Loading /usr/lib/xorg/modules/libglamoregl.so
Oct 31 17:24:28 machine /usr/lib/gdm3/gdm-x-session[1627]: Information Module glamoregl: vendor="X.Org Foundation"
Oct 31 17:24:28 machine /usr/lib/gdm3/gdm-x-session[1627]: Information AMDGPU(G0): glamor X acceleration enabled on AMD ICELAND (DRM 3.33.0, 5.3.0-42-generic, LLVM 9.0.0)
Oct 31 17:24:28 machine /usr/lib/gdm3/gdm-x-session[1627]: Information AMDGPU(G0): glamor detected, initialising EGL layer.
Oct 31 17:24:28 machine /usr/lib/gdm3/gdm-x-session[1627]: Information AMDGPU(G0): mem size init: gart size :bfd79000 vram size: s:7feac000 visible:feac000
Oct 31 17:24:28 machine /usr/lib/gdm3/gdm-x-session[1627]: Information Loading sub module "ramdac"
Oct 31 17:24:28 machine /usr/lib/gdm3/gdm-x-session[1627]: Information LoadModule: "ramdac"
Oct 31 17:24:28 machine /usr/lib/gdm3/gdm-x-session[1627]: Information Module "ramdac" already built-in
Oct 31 17:24:28 machine /usr/lib/gdm3/gdm-x-session[1627]: Information UnloadModule: "fbdev"
Oct 31 17:24:28 machine /usr/lib/gdm3/gdm-x-session[1627]: Information Unloading fbdev
Oct 31 17:24:28 machine /usr/lib/gdm3/gdm-x-session[1627]: Information UnloadSubModule: "fbdevhw"
Oct 31 17:24:28 machine /usr/lib/gdm3/gdm-x-session[1627]: Information Unloading fbdevhw
Oct 31 17:24:28 machine /usr/lib/gdm3/gdm-x-session[1627]: Information UnloadModule: "vesa"
Oct 31 17:24:28 machine /usr/lib/gdm3/gdm-x-session[1627]: Information Unloading vesa
Oct 31 17:24:28 machine /usr/lib/gdm3/gdm-x-session[1627]: Information AMDGPU(G0): [DRI2] Setup complete
Oct 31 17:24:28 machine /usr/lib/gdm3/gdm-x-session[1627]: Information AMDGPU(G0): [DRI2]   DRI driver: radeonsi
Oct 31 17:24:28 machine /usr/lib/gdm3/gdm-x-session[1627]: Information AMDGPU(G0): [DRI2]   VDPAU driver: radeonsi
Oct 31 17:24:28 machine /usr/lib/gdm3/gdm-x-session[1627]: Information AMDGPU(G0): Front buffer pitch: 4096 bytes
Oct 31 17:24:28 machine /usr/lib/gdm3/gdm-x-session[1627]: Information AMDGPU(G0): Direct rendering enabled
Oct 31 17:24:28 machine /usr/lib/gdm3/gdm-x-session[1627]: Information AMDGPU(G0): Use GLAMOR acceleration.
Oct 31 17:24:28 machine /usr/lib/gdm3/gdm-x-session[1627]: Information AMDGPU(G0): Acceleration enabled
Oct 31 17:24:28 machine /usr/lib/gdm3/gdm-x-session[1627]: Information modeset(0): Initializing kms color map for depth 24, 8 bpc.
Oct 31 17:24:28 machine /usr/lib/gdm3/gdm-x-session[1627]: Information modeset(0): [DRI2] Setup complete
Oct 31 17:24:28 machine /usr/lib/gdm3/gdm-x-session[1627]: Information modeset(0): [DRI2]   DRI driver: i965
Oct 31 17:24:28 machine /usr/lib/gdm3/gdm-x-session[1627]: Information modeset(0): [DRI2]   VDPAU driver: va_gl
Oct 31 17:24:28 machine /usr/lib/gdm3/gdm-x-session[1627]: Information Initializing extension Generic Event Extension
Oct 31 17:24:28 machine /usr/lib/gdm3/gdm-x-session[1627]: Information Initializing extension SHAPE
Oct 31 17:24:28 machine /usr/lib/gdm3/gdm-x-session[1627]: Information Initializing extension MIT-SHM
Oct 31 17:24:28 machine /usr/lib/gdm3/gdm-x-session[1627]: Information Initializing extension XInputExtension
Oct 31 17:24:28 machine /usr/lib/gdm3/gdm-x-session[1627]: Information Initializing extension XTEST
Oct 31 17:24:28 machine /usr/lib/gdm3/gdm-x-session[1627]: Information Initializing extension BIG-REQUESTS
Oct 31 17:24:28 machine /usr/lib/gdm3/gdm-x-session[1627]: Information Initializing extension SYNC
Oct 31 17:24:28 machine /usr/lib/gdm3/gdm-x-session[1627]: Information Initializing extension XKEYBOARD
Oct 31 17:24:28 machine /usr/lib/gdm3/gdm-x-session[1627]: Information Initializing extension XC-MISC
Oct 31 17:24:28 machine /usr/lib/gdm3/gdm-x-session[1627]: Information Initializing extension SECURITY
Oct 31 17:24:28 machine /usr/lib/gdm3/gdm-x-session[1627]: Information Initializing extension XFIXES
Oct 31 17:24:28 machine /usr/lib/gdm3/gdm-x-session[1627]: Information Initializing extension RENDER
Oct 31 17:24:28 machine /usr/lib/gdm3/gdm-x-session[1627]: Information Initializing extension RANDR
Oct 31 17:24:28 machine /usr/lib/gdm3/gdm-x-session[1627]: Information Initializing extension COMPOSITE
Oct 31 17:24:28 machine /usr/lib/gdm3/gdm-x-session[1627]: Information Initializing extension DAMAGE
Oct 31 17:24:28 machine /usr/lib/gdm3/gdm-x-session[1627]: Information Initializing extension MIT-SCREEN-SAVER
Oct 31 17:24:28 machine /usr/lib/gdm3/gdm-x-session[1627]: Information Initializing extension DOUBLE-BUFFER
Oct 31 17:24:28 machine /usr/lib/gdm3/gdm-x-session[1627]: Information Initializing extension RECORD
Oct 31 17:24:28 machine /usr/lib/gdm3/gdm-x-session[1627]: Information Initializing extension DPMS
Oct 31 17:24:28 machine /usr/lib/gdm3/gdm-x-session[1627]: Information Initializing extension Present
Oct 31 17:24:28 machine /usr/lib/gdm3/gdm-x-session[1627]: Information Initializing extension DRI3
Oct 31 17:24:28 machine /usr/lib/gdm3/gdm-x-session[1627]: Information Initializing extension X-Resource
Oct 31 17:24:28 machine /usr/lib/gdm3/gdm-x-session[1627]: Information Initializing extension XVideo
Oct 31 17:24:28 machine /usr/lib/gdm3/gdm-x-session[1627]: Information Initializing extension XVideo-MotionCompensation
Oct 31 17:24:28 machine /usr/lib/gdm3/gdm-x-session[1627]: Information Initializing extension SELinux
Oct 31 17:24:28 machine /usr/lib/gdm3/gdm-x-session[1627]: Information SELinux: Disabled on system
Oct 31 17:24:28 machine /usr/lib/gdm3/gdm-x-session[1627]: Information Initializing extension GLX
Oct 31 17:24:28 machine /usr/lib/gdm3/gdm-x-session[1627]: Information AIGLX: Loaded and initialized i965
Oct 31 17:24:28 machine /usr/lib/gdm3/gdm-x-session[1627]: Information GLX: Initialized DRI2 GL provider for screen 0
Oct 31 17:24:28 machine /usr/lib/gdm3/gdm-x-session[1627]: Information Initializing extension XFree86-VidModeExtension
Oct 31 17:24:28 machine /usr/lib/gdm3/gdm-x-session[1627]: Information Initializing extension XFree86-DGA
Oct 31 17:24:28 machine /usr/lib/gdm3/gdm-x-session[1627]: Information Initializing extension XFree86-DRI
Oct 31 17:24:28 machine /usr/lib/gdm3/gdm-x-session[1627]: Information Initializing extension DRI2
Oct 31 17:24:28 machine /usr/lib/gdm3/gdm-x-session[1627]: Information modeset(0): Damage tracking initialized
Oct 31 17:24:28 machine /usr/lib/gdm3/gdm-x-session[1627]: Information modeset(0): Setting screen physical size to 423 x 238
Oct 31 17:24:28 machine /usr/lib/gdm3/gdm-x-session[1627]: Information config/udev: Adding input device Power Button (/dev/input/event2)
Oct 31 17:24:28 machine /usr/lib/gdm3/gdm-x-session[1627]: Information LoadModule: "libinput"
Oct 31 17:24:28 machine /usr/lib/gdm3/gdm-x-session[1627]: Information Loading /usr/lib/xorg/modules/input/libinput_drv.so
Oct 31 17:24:28 machine /usr/lib/gdm3/gdm-x-session[1627]: Information Module libinput: vendor="X.Org Foundation"
Oct 31 17:24:28 machine /usr/lib/gdm3/gdm-x-session[1627]: Information Using input driver 'libinput' for 'Power Button'
Oct 31 17:24:28 machine /usr/lib/gdm3/gdm-x-session[1627]: Information systemd-logind: got fd for /dev/input/event2 13:66 fd 29 paused 0
Oct 31 17:24:28 machine /usr/lib/gdm3/gdm-x-session[1627]: Information event2  - Power Button: is tagged by udev as: Keyboard
Oct 31 17:24:28 machine /usr/lib/gdm3/gdm-x-session[1627]: Information event2  - Power Button: device is a keyboard
Oct 31 17:24:28 machine /usr/lib/gdm3/gdm-x-session[1627]: Information event2  - Power Button: device removed
Oct 31 17:24:28 machine /usr/lib/gdm3/gdm-x-session[1627]: Information XINPUT: Adding extended input device "Power Button" (type: KEYBOARD, id 6)
Oct 31 17:24:28 machine /usr/lib/gdm3/gdm-x-session[1627]: Information event2  - Power Button: is tagged by udev as: Keyboard
Oct 31 17:24:28 machine /usr/lib/gdm3/gdm-x-session[1627]: Information event2  - Power Button: device is a keyboard
Oct 31 17:24:28 machine /usr/lib/gdm3/gdm-x-session[1627]: Information config/udev: Adding input device Video Bus (/dev/input/event7)
Oct 31 17:24:28 machine /usr/lib/gdm3/gdm-x-session[1627]: Information Using input driver 'libinput' for 'Video Bus'
Oct 31 17:24:28 machine /usr/lib/gdm3/gdm-x-session[1627]: Information systemd-logind: got fd for /dev/input/event7 13:71 fd 32 paused 0
Oct 31 17:24:28 machine /usr/lib/gdm3/gdm-x-session[1627]: Information event7  - Video Bus: is tagged by udev as: Keyboard
Oct 31 17:24:28 machine /usr/lib/gdm3/gdm-x-session[1627]: Information event7  - Video Bus: device is a keyboard
Oct 31 17:24:28 machine /usr/lib/gdm3/gdm-x-session[1627]: Information event7  - Video Bus: device removed
Oct 31 17:24:28 machine /usr/lib/gdm3/gdm-x-session[1627]: Information XINPUT: Adding extended input device "Video Bus" (type: KEYBOARD, id 7)
Oct 31 17:24:28 machine /usr/lib/gdm3/gdm-x-session[1627]: Information event7  - Video Bus: is tagged by udev as: Keyboard
Oct 31 17:24:28 machine /usr/lib/gdm3/gdm-x-session[1627]: Information event7  - Video Bus: device is a keyboard
Oct 31 17:24:28 machine /usr/lib/gdm3/gdm-x-session[1627]: Information config/udev: Adding input device Power Button (/dev/input/event1)
Oct 31 17:24:28 machine /usr/lib/gdm3/gdm-x-session[1627]: Information Using input driver 'libinput' for 'Power Button'
Oct 31 17:24:28 machine /usr/lib/gdm3/gdm-x-session[1627]: Information systemd-logind: got fd for /dev/input/event1 13:65 fd 33 paused 0
Oct 31 17:24:28 machine /usr/lib/gdm3/gdm-x-session[1627]: Information event1  - Power Button: is tagged by udev as: Keyboard
Oct 31 17:24:28 machine /usr/lib/gdm3/gdm-x-session[1627]: Information event1  - Power Button: device is a keyboard
Oct 31 17:24:28 machine /usr/lib/gdm3/gdm-x-session[1627]: Information event1  - Power Button: device removed
Oct 31 17:24:28 machine /usr/lib/gdm3/gdm-x-session[1627]: Information XINPUT: Adding extended input device "Power Button" (type: KEYBOARD, id 8)
Oct 31 17:24:28 machine /usr/lib/gdm3/gdm-x-session[1627]: Information event1  - Power Button: is tagged by udev as: Keyboard
Oct 31 17:24:28 machine /usr/lib/gdm3/gdm-x-session[1627]: Information event1  - Power Button: device is a keyboard
Oct 31 17:24:28 machine /usr/lib/gdm3/gdm-x-session[1627]: Information config/udev: Adding input device Lid Switch (/dev/input/event0)
Oct 31 17:24:28 machine /usr/lib/gdm3/gdm-x-session[1627]: Information No input driver specified, ignoring this device.
Oct 31 17:24:28 machine /usr/lib/gdm3/gdm-x-session[1627]: Information This device may have been added with another device file.
Oct 31 17:24:28 machine /usr/lib/gdm3/gdm-x-session[1627]: Information config/udev: Adding input device HP Webcam: HP Webcam (/dev/input/event6)
Oct 31 17:24:28 machine /usr/lib/gdm3/gdm-x-session[1627]: Information Using input driver 'libinput' for 'HP Webcam: HP Webcam'
Oct 31 17:24:28 machine /usr/lib/gdm3/gdm-x-session[1627]: Information systemd-logind: got fd for /dev/input/event6 13:70 fd 34 paused 0
Oct 31 17:24:28 machine /usr/lib/gdm3/gdm-x-session[1627]: Information event6  - HP Webcam: HP Webcam: is tagged by udev as: Keyboard
Oct 31 17:24:28 machine /usr/lib/gdm3/gdm-x-session[1627]: Information event6  - HP Webcam: HP Webcam: device is a keyboard
Oct 31 17:24:28 machine /usr/lib/gdm3/gdm-x-session[1627]: Information event6  - HP Webcam: HP Webcam: device removed
Oct 31 17:24:28 machine /usr/lib/gdm3/gdm-x-session[1627]: Information XINPUT: Adding extended input device "HP Webcam: HP Webcam" (type: KEYBOARD, id 9)
Oct 31 17:24:28 machine /usr/lib/gdm3/gdm-x-session[1627]: Information event6  - HP Webcam: HP Webcam: is tagged by udev as: Keyboard
Oct 31 17:24:28 machine /usr/lib/gdm3/gdm-x-session[1627]: Information event6  - HP Webcam: HP Webcam: device is a keyboard
Oct 31 17:24:28 machine /usr/lib/gdm3/gdm-x-session[1627]: Information config/udev: Adding input device HDA Intel PCH Mic (/dev/input/event8)
Oct 31 17:24:28 machine /usr/lib/gdm3/gdm-x-session[1627]: Information No input driver specified, ignoring this device.
Oct 31 17:24:28 machine /usr/lib/gdm3/gdm-x-session[1627]: Information This device may have been added with another device file.
Oct 31 17:24:28 machine /usr/lib/gdm3/gdm-x-session[1627]: Information config/udev: Adding input device HDA Intel PCH Headphone (/dev/input/event9)
Oct 31 17:24:28 machine /usr/lib/gdm3/gdm-x-session[1627]: Information No input driver specified, ignoring this device.
Oct 31 17:24:28 machine /usr/lib/gdm3/gdm-x-session[1627]: Information This device may have been added with another device file.
Oct 31 17:24:28 machine /usr/lib/gdm3/gdm-x-session[1627]: Information config/udev: Adding input device HDA Intel PCH HDMI/DP,pcm=3 (/dev/input/event10)
Oct 31 17:24:28 machine /usr/lib/gdm3/gdm-x-session[1627]: Information No input driver specified, ignoring this device.
Oct 31 17:24:28 machine /usr/lib/gdm3/gdm-x-session[1627]: Information This device may have been added with another device file.
Oct 31 17:24:28 machine /usr/lib/gdm3/gdm-x-session[1627]: Information config/udev: Adding input device HDA Intel PCH HDMI/DP,pcm=7 (/dev/input/event11)
Oct 31 17:24:28 machine /usr/lib/gdm3/gdm-x-session[1627]: Information No input driver specified, ignoring this device.
Oct 31 17:24:28 machine /usr/lib/gdm3/gdm-x-session[1627]: Information This device may have been added with another device file.
Oct 31 17:24:28 machine /usr/lib/gdm3/gdm-x-session[1627]: Information config/udev: Adding input device HDA Intel PCH HDMI/DP,pcm=8 (/dev/input/event12)
Oct 31 17:24:28 machine /usr/lib/gdm3/gdm-x-session[1627]: Information No input driver specified, ignoring this device.
Oct 31 17:24:28 machine /usr/lib/gdm3/gdm-x-session[1627]: Information This device may have been added with another device file.
Oct 31 17:24:28 machine /usr/lib/gdm3/gdm-x-session[1627]: Information config/udev: Adding input device HDA Intel PCH HDMI/DP,pcm=9 (/dev/input/event13)
Oct 31 17:24:28 machine /usr/lib/gdm3/gdm-x-session[1627]: Information No input driver specified, ignoring this device.
Oct 31 17:24:28 machine /usr/lib/gdm3/gdm-x-session[1627]: Information This device may have been added with another device file.
Oct 31 17:24:28 machine /usr/lib/gdm3/gdm-x-session[1627]: Information config/udev: Adding input device HDA Intel PCH HDMI/DP,pcm=10 (/dev/input/event14)
Oct 31 17:24:28 machine /usr/lib/gdm3/gdm-x-session[1627]: Information No input driver specified, ignoring this device.
Oct 31 17:24:28 machine /usr/lib/gdm3/gdm-x-session[1627]: Information This device may have been added with another device file.
Oct 31 17:24:28 machine /usr/lib/gdm3/gdm-x-session[1627]: Information config/udev: Adding input device AT Translated Set 2 keyboard (/dev/input/event3)
Oct 31 17:24:28 machine /usr/lib/gdm3/gdm-x-session[1627]: Information Using input driver 'libinput' for 'AT Translated Set 2 keyboard'
Oct 31 17:24:28 machine /usr/lib/gdm3/gdm-x-session[1627]: Information systemd-logind: got fd for /dev/input/event3 13:67 fd 35 paused 0
Oct 31 17:24:28 machine /usr/lib/gdm3/gdm-x-session[1627]: Information event3  - AT Translated Set 2 keyboard: is tagged by udev as: Keyboard
Oct 31 17:24:28 machine /usr/lib/gdm3/gdm-x-session[1627]: Information event3  - AT Translated Set 2 keyboard: device is a keyboard
Oct 31 17:24:28 machine /usr/lib/gdm3/gdm-x-session[1627]: Information event3  - AT Translated Set 2 keyboard: device removed
Oct 31 17:24:28 machine /usr/lib/gdm3/gdm-x-session[1627]: Information XINPUT: Adding extended input device "AT Translated Set 2 keyboard" (type: KEYBOARD, id 10)
Oct 31 17:24:28 machine /usr/lib/gdm3/gdm-x-session[1627]: Information event3  - AT Translated Set 2 keyboard: is tagged by udev as: Keyboard
Oct 31 17:24:28 machine /usr/lib/gdm3/gdm-x-session[1627]: Information event3  - AT Translated Set 2 keyboard: device is a keyboard
Oct 31 17:24:28 machine /usr/lib/gdm3/gdm-x-session[1627]: Information config/udev: Adding input device ETPS/2 Elantech Touchpad (/dev/input/event4)
Oct 31 17:24:28 machine /usr/lib/gdm3/gdm-x-session[1627]: Information Using input driver 'libinput' for 'ETPS/2 Elantech Touchpad'
Oct 31 17:24:28 machine /usr/lib/gdm3/gdm-x-session[1627]: Information systemd-logind: got fd for /dev/input/event4 13:68 fd 36 paused 0
Oct 31 17:24:28 machine /usr/lib/gdm3/gdm-x-session[1627]: Information event4  - ETPS/2 Elantech Touchpad: is tagged by udev as: Touchpad
Oct 31 17:24:28 machine /usr/lib/gdm3/gdm-x-session[1627]: Information event4  - ETPS/2 Elantech Touchpad: device is a touchpad
Oct 31 17:24:28 machine /usr/lib/gdm3/gdm-x-session[1627]: Information event4  - ETPS/2 Elantech Touchpad: device removed
Oct 31 17:24:28 machine /usr/lib/gdm3/gdm-x-session[1627]: Information XINPUT: Adding extended input device "ETPS/2 Elantech Touchpad" (type: TOUCHPAD, id 11)
Oct 31 17:24:28 machine /usr/lib/gdm3/gdm-x-session[1627]: Information event4  - ETPS/2 Elantech Touchpad: is tagged by udev as: Touchpad
Oct 31 17:24:28 machine /usr/lib/gdm3/gdm-x-session[1627]: Information event4  - ETPS/2 Elantech Touchpad: device is a touchpad
Oct 31 17:24:28 machine /usr/lib/gdm3/gdm-x-session[1627]: Information config/udev: Adding input device ETPS/2 Elantech Touchpad (/dev/input/mouse0)
Oct 31 17:24:28 machine /usr/lib/gdm3/gdm-x-session[1627]: Information No input driver specified, ignoring this device.
Oct 31 17:24:28 machine /usr/lib/gdm3/gdm-x-session[1627]: Information This device may have been added with another device file.
Oct 31 17:24:28 machine /usr/lib/gdm3/gdm-x-session[1627]: Information config/udev: Adding input device HP Wireless hotkeys (/dev/input/event5)
Oct 31 17:24:28 machine /usr/lib/gdm3/gdm-x-session[1627]: Information Using input driver 'libinput' for 'HP Wireless hotkeys'
Oct 31 17:24:28 machine /usr/lib/gdm3/gdm-x-session[1627]: Information systemd-logind: got fd for /dev/input/event5 13:69 fd 37 paused 0
Oct 31 17:24:28 machine /usr/lib/gdm3/gdm-x-session[1627]: Information event5  - HP Wireless hotkeys: is tagged by udev as: Keyboard
Oct 31 17:24:28 machine /usr/lib/gdm3/gdm-x-session[1627]: Information event5  - HP Wireless hotkeys: device is a keyboard
Oct 31 17:24:28 machine /usr/lib/gdm3/gdm-x-session[1627]: Information event5  - HP Wireless hotkeys: device removed
Oct 31 17:24:28 machine /usr/lib/gdm3/gdm-x-session[1627]: Information XINPUT: Adding extended input device "HP Wireless hotkeys" (type: KEYBOARD, id 12)
Oct 31 17:24:28 machine /usr/lib/gdm3/gdm-x-session[1627]: Information event5  - HP Wireless hotkeys: is tagged by udev as: Keyboard
Oct 31 17:24:28 machine /usr/lib/gdm3/gdm-x-session[1627]: Information event5  - HP Wireless hotkeys: device is a keyboard
Oct 31 17:24:28 machine /usr/lib/gdm3/gdm-x-session[1627]: Information config/udev: Adding input device HP WMI hotkeys (/dev/input/event15)
Oct 31 17:24:28 machine /usr/lib/gdm3/gdm-x-session[1627]: Information Using input driver 'libinput' for 'HP WMI hotkeys'
Oct 31 17:24:28 machine /usr/lib/gdm3/gdm-x-session[1627]: Information systemd-logind: got fd for /dev/input/event15 13:79 fd 38 paused 0
Oct 31 17:24:28 machine /usr/lib/gdm3/gdm-x-session[1627]: Information event15 - HP WMI hotkeys: is tagged by udev as: Keyboard Switch
Oct 31 17:24:28 machine /usr/lib/gdm3/gdm-x-session[1627]: Information event15 - HP WMI hotkeys: device is a keyboard
Oct 31 17:24:28 machine /usr/lib/gdm3/gdm-x-session[1627]: Information event15 - HP WMI hotkeys: device removed
Oct 31 17:24:28 machine /usr/lib/gdm3/gdm-x-session[1627]: Information XINPUT: Adding extended input device "HP WMI hotkeys" (type: KEYBOARD, id 13)
Oct 31 17:24:28 machine /usr/lib/gdm3/gdm-x-session[1627]: Information event15 - HP WMI hotkeys: is tagged by udev as: Keyboard Switch
Oct 31 17:24:28 machine /usr/lib/gdm3/gdm-x-session[1627]: Information event15 - HP WMI hotkeys: device is a keyboard
Oct 31 17:24:28 machine /usr/lib/gdm3/gdm-x-session[1627]: Information modeset(0): EDID vendor "CMN", prod id 5957
Oct 31 17:24:28 machine /usr/lib/gdm3/gdm-x-session[1627]: Information modeset(0): Printing DDC gathered Modelines:
Oct 31 17:24:28 machine /usr/lib/gdm3/gdm-x-session[1627]: Information modeset(0): Modeline "1600x900"x0.0  107.80  1600 1648 1680 1940  900 903 908 926 +hsync -vsync (55.6 kHz eP)
Oct 31 17:24:28 machine /usr/lib/gdm3/gdm-x-session[1627]: Information modeset(0): Modeline "1600x900"x0.0   71.87  1600 1648 1680 1940  900 903 908 926 +hsync -vsync (37.0 kHz e)
